{"/Users/llakes/MEGA/Documents/Coding/Rithm/Rithm_Lectures_Exercises/day33-jobly/express-jobly/app.js": {"path":"/Users/llakes/MEGA/Documents/Coding/Rithm/Rithm_Lectures_Exercises/day33-jobly/express-jobly/app.js","statementMap":{"0":{"start":{"line":5,"column":16},"end":{"line":5,"column":34}},"1":{"start":{"line":6,"column":13},"end":{"line":6,"column":28}},"2":{"start":{"line":8,"column":26},"end":{"line":8,"column":51}},"3":{"start":{"line":10,"column":28},"end":{"line":10,"column":56}},"4":{"start":{"line":11,"column":19},"end":{"line":11,"column":43}},"5":{"start":{"line":12,"column":24},"end":{"line":12,"column":53}},"6":{"start":{"line":13,"column":20},"end":{"line":13,"column":45}},"7":{"start":{"line":14,"column":19},"end":{"line":14,"column":43}},"8":{"start":{"line":16,"column":15},"end":{"line":16,"column":32}},"9":{"start":{"line":18,"column":12},"end":{"line":18,"column":21}},"10":{"start":{"line":20,"column":0},"end":{"line":20,"column":16}},"11":{"start":{"line":21,"column":0},"end":{"line":21,"column":24}},"12":{"start":{"line":22,"column":0},"end":{"line":22,"column":24}},"13":{"start":{"line":23,"column":0},"end":{"line":23,"column":25}},"14":{"start":{"line":25,"column":0},"end":{"line":25,"column":29}},"15":{"start":{"line":26,"column":0},"end":{"line":26,"column":39}},"16":{"start":{"line":27,"column":0},"end":{"line":27,"column":31}},"17":{"start":{"line":28,"column":0},"end":{"line":28,"column":29}},"18":{"start":{"line":32,"column":0},"end":{"line":34,"column":3}},"19":{"start":{"line":33,"column":2},"end":{"line":33,"column":35}},"20":{"start":{"line":37,"column":0},"end":{"line":45,"column":3}},"21":{"start":{"line":38,"column":17},"end":{"line":38,"column":34}},"22":{"start":{"line":39,"column":18},"end":{"line":39,"column":29}},"23":{"start":{"line":40,"column":2},"end":{"line":40,"column":64}},"24":{"start":{"line":40,"column":39},"end":{"line":40,"column":64}},"25":{"start":{"line":42,"column":2},"end":{"line":44,"column":5}},"26":{"start":{"line":47,"column":0},"end":{"line":47,"column":21}}},"fnMap":{"0":{"name":"(anonymous_0)","decl":{"start":{"line":32,"column":8},"end":{"line":32,"column":9}},"loc":{"start":{"line":32,"column":34},"end":{"line":34,"column":1}},"line":32},"1":{"name":"(anonymous_1)","decl":{"start":{"line":37,"column":8},"end":{"line":37,"column":9}},"loc":{"start":{"line":37,"column":39},"end":{"line":45,"column":1}},"line":37}},"branchMap":{"0":{"loc":{"start":{"line":38,"column":17},"end":{"line":38,"column":34}},"type":"binary-expr","locations":[{"start":{"line":38,"column":17},"end":{"line":38,"column":27}},{"start":{"line":38,"column":31},"end":{"line":38,"column":34}}],"line":38},"1":{"loc":{"start":{"line":40,"column":2},"end":{"line":40,"column":64}},"type":"if","locations":[{"start":{"line":40,"column":2},"end":{"line":40,"column":64}},{"start":{"line":40,"column":2},"end":{"line":40,"column":64}}],"line":40}},"s":{"0":5,"1":5,"2":5,"3":5,"4":5,"5":5,"6":5,"7":5,"8":5,"9":5,"10":5,"11":5,"12":5,"13":5,"14":5,"15":5,"16":5,"17":5,"18":5,"19":2,"20":5,"21":53,"22":53,"23":53,"24":1,"25":53,"26":5},"f":{"0":2,"1":53},"b":{"0":[53,3],"1":[1,52]},"_coverageSchema":"1a1c01bbd47fc00a2c39e90264f33305004495a9","hash":"351a18ec9f344dab432c54883fcc37a6a6bf1fb7"}
,"/Users/llakes/MEGA/Documents/Coding/Rithm/Rithm_Lectures_Exercises/day33-jobly/express-jobly/config.js": {"path":"/Users/llakes/MEGA/Documents/Coding/Rithm/Rithm_Lectures_Exercises/day33-jobly/express-jobly/config.js","statementMap":{"0":{"start":{"line":5,"column":0},"end":{"line":5,"column":27}},"1":{"start":{"line":6,"column":0},"end":{"line":6,"column":18}},"2":{"start":{"line":8,"column":19},"end":{"line":8,"column":57}},"3":{"start":{"line":10,"column":13},"end":{"line":10,"column":38}},"4":{"start":{"line":14,"column":2},"end":{"line":16,"column":44}},"5":{"start":{"line":22,"column":27},"end":{"line":22,"column":67}},"6":{"start":{"line":24,"column":0},"end":{"line":24,"column":35}},"7":{"start":{"line":25,"column":0},"end":{"line":25,"column":46}},"8":{"start":{"line":26,"column":0},"end":{"line":26,"column":45}},"9":{"start":{"line":27,"column":0},"end":{"line":27,"column":61}},"10":{"start":{"line":28,"column":0},"end":{"line":28,"column":50}},"11":{"start":{"line":29,"column":0},"end":{"line":29,"column":19}},"12":{"start":{"line":31,"column":0},"end":{"line":36,"column":2}}},"fnMap":{"0":{"name":"getDatabaseUri","decl":{"start":{"line":13,"column":9},"end":{"line":13,"column":23}},"loc":{"start":{"line":13,"column":26},"end":{"line":17,"column":1}},"line":13}},"branchMap":{"0":{"loc":{"start":{"line":8,"column":19},"end":{"line":8,"column":57}},"type":"binary-expr","locations":[{"start":{"line":8,"column":19},"end":{"line":8,"column":41}},{"start":{"line":8,"column":45},"end":{"line":8,"column":57}}],"line":8},"1":{"loc":{"start":{"line":10,"column":13},"end":{"line":10,"column":38}},"type":"binary-expr","locations":[{"start":{"line":10,"column":13},"end":{"line":10,"column":30}},{"start":{"line":10,"column":34},"end":{"line":10,"column":38}}],"line":10},"2":{"loc":{"start":{"line":14,"column":9},"end":{"line":16,"column":43}},"type":"cond-expr","locations":[{"start":{"line":15,"column":8},"end":{"line":15,"column":20}},{"start":{"line":16,"column":8},"end":{"line":16,"column":43}}],"line":14},"3":{"loc":{"start":{"line":16,"column":8},"end":{"line":16,"column":43}},"type":"binary-expr","locations":[{"start":{"line":16,"column":8},"end":{"line":16,"column":32}},{"start":{"line":16,"column":36},"end":{"line":16,"column":43}}],"line":16},"4":{"loc":{"start":{"line":22,"column":27},"end":{"line":22,"column":67}},"type":"cond-expr","locations":[{"start":{"line":22,"column":61},"end":{"line":22,"column":62}},{"start":{"line":22,"column":65},"end":{"line":22,"column":67}}],"line":22}},"s":{"0":11,"1":11,"2":11,"3":11,"4":22,"5":11,"6":11,"7":11,"8":11,"9":11,"10":11,"11":11,"12":11},"f":{"0":22},"b":{"0":[11,10],"1":[11,10],"2":[19,3],"3":[3,1],"4":[10,1]},"_coverageSchema":"1a1c01bbd47fc00a2c39e90264f33305004495a9","hash":"236abda1e442b1d0fcfae1788f0559af37f03d90"}
,"/Users/llakes/MEGA/Documents/Coding/Rithm/Rithm_Lectures_Exercises/day33-jobly/express-jobly/db.js": {"path":"/Users/llakes/MEGA/Documents/Coding/Rithm/Rithm_Lectures_Exercises/day33-jobly/express-jobly/db.js","statementMap":{"0":{"start":{"line":5,"column":19},"end":{"line":5,"column":32}},"1":{"start":{"line":6,"column":27},"end":{"line":6,"column":46}},"2":{"start":{"line":8,"column":11},"end":{"line":10,"column":2}},"3":{"start":{"line":12,"column":0},"end":{"line":12,"column":13}},"4":{"start":{"line":14,"column":0},"end":{"line":14,"column":20}}},"fnMap":{},"branchMap":{},"s":{"0":8,"1":8,"2":8,"3":8,"4":8},"f":{},"b":{},"_coverageSchema":"1a1c01bbd47fc00a2c39e90264f33305004495a9","hash":"66d3697d12f9359a176b7009d0897736615a42f4"}
,"/Users/llakes/MEGA/Documents/Coding/Rithm/Rithm_Lectures_Exercises/day33-jobly/express-jobly/expressError.js": {"path":"/Users/llakes/MEGA/Documents/Coding/Rithm/Rithm_Lectures_Exercises/day33-jobly/express-jobly/expressError.js","statementMap":{"0":{"start":{"line":10,"column":4},"end":{"line":10,"column":12}},"1":{"start":{"line":11,"column":4},"end":{"line":11,"column":27}},"2":{"start":{"line":12,"column":4},"end":{"line":12,"column":25}},"3":{"start":{"line":20,"column":4},"end":{"line":20,"column":24}},"4":{"start":{"line":28,"column":4},"end":{"line":28,"column":24}},"5":{"start":{"line":36,"column":4},"end":{"line":36,"column":24}},"6":{"start":{"line":44,"column":4},"end":{"line":44,"column":24}},"7":{"start":{"line":48,"column":0},"end":{"line":54,"column":2}}},"fnMap":{"0":{"name":"(anonymous_0)","decl":{"start":{"line":9,"column":2},"end":{"line":9,"column":3}},"loc":{"start":{"line":9,"column":31},"end":{"line":13,"column":3}},"line":9},"1":{"name":"(anonymous_1)","decl":{"start":{"line":19,"column":2},"end":{"line":19,"column":3}},"loc":{"start":{"line":19,"column":37},"end":{"line":21,"column":3}},"line":19},"2":{"name":"(anonymous_2)","decl":{"start":{"line":27,"column":2},"end":{"line":27,"column":3}},"loc":{"start":{"line":27,"column":40},"end":{"line":29,"column":3}},"line":27},"3":{"name":"(anonymous_3)","decl":{"start":{"line":35,"column":2},"end":{"line":35,"column":3}},"loc":{"start":{"line":35,"column":39},"end":{"line":37,"column":3}},"line":35},"4":{"name":"(anonymous_4)","decl":{"start":{"line":43,"column":2},"end":{"line":43,"column":3}},"loc":{"start":{"line":43,"column":39},"end":{"line":45,"column":3}},"line":43}},"branchMap":{"0":{"loc":{"start":{"line":19,"column":14},"end":{"line":19,"column":35}},"type":"default-arg","locations":[{"start":{"line":19,"column":24},"end":{"line":19,"column":35}}],"line":19},"1":{"loc":{"start":{"line":27,"column":14},"end":{"line":27,"column":38}},"type":"default-arg","locations":[{"start":{"line":27,"column":24},"end":{"line":27,"column":38}}],"line":27},"2":{"loc":{"start":{"line":35,"column":14},"end":{"line":35,"column":37}},"type":"default-arg","locations":[{"start":{"line":35,"column":24},"end":{"line":35,"column":37}}],"line":35},"3":{"loc":{"start":{"line":43,"column":14},"end":{"line":43,"column":37}},"type":"default-arg","locations":[{"start":{"line":43,"column":24},"end":{"line":43,"column":37}}],"line":43}},"s":{"0":81,"1":81,"2":81,"3":22,"4":15,"5":31,"6":13,"7":10},"f":{"0":81,"1":22,"2":15,"3":31,"4":13},"b":{"0":[2],"1":[11],"2":[4],"3":[13]},"_coverageSchema":"1a1c01bbd47fc00a2c39e90264f33305004495a9","hash":"8bfcb92204a3bce085897e42c3687b9f3a0115a7"}
,"/Users/llakes/MEGA/Documents/Coding/Rithm/Rithm_Lectures_Exercises/day33-jobly/express-jobly/helpers/sql.js": {"path":"/Users/llakes/MEGA/Documents/Coding/Rithm/Rithm_Lectures_Exercises/day33-jobly/express-jobly/helpers/sql.js","statementMap":{"0":{"start":{"line":2,"column":28},"end":{"line":2,"column":54}},"1":{"start":{"line":26,"column":15},"end":{"line":26,"column":40}},"2":{"start":{"line":27,"column":2},"end":{"line":27,"column":53}},"3":{"start":{"line":27,"column":25},"end":{"line":27,"column":53}},"4":{"start":{"line":30,"column":15},"end":{"line":32,"column":3}},"5":{"start":{"line":31,"column":6},"end":{"line":31,"column":52}},"6":{"start":{"line":34,"column":2},"end":{"line":37,"column":4}},"7":{"start":{"line":40,"column":0},"end":{"line":40,"column":41}}},"fnMap":{"0":{"name":"sqlForPartialUpdate","decl":{"start":{"line":25,"column":9},"end":{"line":25,"column":28}},"loc":{"start":{"line":25,"column":52},"end":{"line":38,"column":1}},"line":25},"1":{"name":"(anonymous_1)","decl":{"start":{"line":30,"column":24},"end":{"line":30,"column":25}},"loc":{"start":{"line":31,"column":6},"end":{"line":31,"column":52}},"line":31}},"branchMap":{"0":{"loc":{"start":{"line":27,"column":2},"end":{"line":27,"column":53}},"type":"if","locations":[{"start":{"line":27,"column":2},"end":{"line":27,"column":53}},{"start":{"line":27,"column":2},"end":{"line":27,"column":53}}],"line":27},"1":{"loc":{"start":{"line":31,"column":10},"end":{"line":31,"column":37}},"type":"binary-expr","locations":[{"start":{"line":31,"column":10},"end":{"line":31,"column":26}},{"start":{"line":31,"column":30},"end":{"line":31,"column":37}}],"line":31}},"s":{"0":9,"1":24,"2":24,"3":4,"4":20,"5":40,"6":20,"7":9},"f":{"0":24,"1":40},"b":{"0":[4,20],"1":[40,23]},"_coverageSchema":"1a1c01bbd47fc00a2c39e90264f33305004495a9","hash":"f9110a35318e40c4bd82584dfe0f5dd081a4d455"}
,"/Users/llakes/MEGA/Documents/Coding/Rithm/Rithm_Lectures_Exercises/day33-jobly/express-jobly/helpers/tokens.js": {"path":"/Users/llakes/MEGA/Documents/Coding/Rithm/Rithm_Lectures_Exercises/day33-jobly/express-jobly/helpers/tokens.js","statementMap":{"0":{"start":{"line":2,"column":12},"end":{"line":2,"column":35}},"1":{"start":{"line":3,"column":23},"end":{"line":3,"column":43}},"2":{"start":{"line":8,"column":2},"end":{"line":9,"column":58}},"3":{"start":{"line":11,"column":16},"end":{"line":14,"column":3}},"4":{"start":{"line":16,"column":2},"end":{"line":16,"column":39}},"5":{"start":{"line":19,"column":0},"end":{"line":19,"column":33}}},"fnMap":{"0":{"name":"createToken","decl":{"start":{"line":7,"column":9},"end":{"line":7,"column":20}},"loc":{"start":{"line":7,"column":27},"end":{"line":17,"column":1}},"line":7}},"branchMap":{"0":{"loc":{"start":{"line":13,"column":13},"end":{"line":13,"column":34}},"type":"binary-expr","locations":[{"start":{"line":13,"column":13},"end":{"line":13,"column":25}},{"start":{"line":13,"column":29},"end":{"line":13,"column":34}}],"line":13}},"s":{"0":6,"1":6,"2":15,"3":15,"4":15,"5":6},"f":{"0":15},"b":{"0":[15,8]},"_coverageSchema":"1a1c01bbd47fc00a2c39e90264f33305004495a9","hash":"58147c1eeda0af5a579aad248df466e8f8050fbc"}
,"/Users/llakes/MEGA/Documents/Coding/Rithm/Rithm_Lectures_Exercises/day33-jobly/express-jobly/middleware/auth.js": {"path":"/Users/llakes/MEGA/Documents/Coding/Rithm/Rithm_Lectures_Exercises/day33-jobly/express-jobly/middleware/auth.js","statementMap":{"0":{"start":{"line":5,"column":12},"end":{"line":5,"column":35}},"1":{"start":{"line":6,"column":23},"end":{"line":6,"column":43}},"2":{"start":{"line":7,"column":46},"end":{"line":7,"column":72}},"3":{"start":{"line":19,"column":2},"end":{"line":28,"column":3}},"4":{"start":{"line":20,"column":23},"end":{"line":20,"column":63}},"5":{"start":{"line":21,"column":4},"end":{"line":24,"column":5}},"6":{"start":{"line":22,"column":20},"end":{"line":22,"column":64}},"7":{"start":{"line":23,"column":6},"end":{"line":23,"column":54}},"8":{"start":{"line":25,"column":4},"end":{"line":25,"column":18}},"9":{"start":{"line":27,"column":4},"end":{"line":27,"column":18}},"10":{"start":{"line":52,"column":2},"end":{"line":58,"column":3}},"11":{"start":{"line":53,"column":4},"end":{"line":53,"column":56}},"12":{"start":{"line":53,"column":26},"end":{"line":53,"column":56}},"13":{"start":{"line":54,"column":4},"end":{"line":54,"column":61}},"14":{"start":{"line":54,"column":34},"end":{"line":54,"column":61}},"15":{"start":{"line":55,"column":4},"end":{"line":55,"column":18}},"16":{"start":{"line":57,"column":4},"end":{"line":57,"column":21}},"17":{"start":{"line":67,"column":2},"end":{"line":76,"column":3}},"18":{"start":{"line":68,"column":4},"end":{"line":68,"column":56}},"19":{"start":{"line":68,"column":26},"end":{"line":68,"column":56}},"20":{"start":{"line":69,"column":4},"end":{"line":72,"column":5}},"21":{"start":{"line":71,"column":6},"end":{"line":71,"column":20}},"22":{"start":{"line":73,"column":4},"end":{"line":73,"column":31}},"23":{"start":{"line":75,"column":4},"end":{"line":75,"column":21}},"24":{"start":{"line":79,"column":0},"end":{"line":83,"column":2}}},"fnMap":{"0":{"name":"authenticateJWT","decl":{"start":{"line":18,"column":9},"end":{"line":18,"column":24}},"loc":{"start":{"line":18,"column":41},"end":{"line":29,"column":1}},"line":18},"1":{"name":"ensureLoggedInAsAdmin","decl":{"start":{"line":51,"column":10},"end":{"line":51,"column":31}},"loc":{"start":{"line":51,"column":48},"end":{"line":59,"column":1}},"line":51},"2":{"name":"ensureCorrectUserOrAdmin","decl":{"start":{"line":66,"column":10},"end":{"line":66,"column":34}},"loc":{"start":{"line":66,"column":51},"end":{"line":77,"column":1}},"line":66}},"branchMap":{"0":{"loc":{"start":{"line":20,"column":23},"end":{"line":20,"column":63}},"type":"binary-expr","locations":[{"start":{"line":20,"column":23},"end":{"line":20,"column":34}},{"start":{"line":20,"column":38},"end":{"line":20,"column":63}}],"line":20},"1":{"loc":{"start":{"line":21,"column":4},"end":{"line":24,"column":5}},"type":"if","locations":[{"start":{"line":21,"column":4},"end":{"line":24,"column":5}},{"start":{"line":21,"column":4},"end":{"line":24,"column":5}}],"line":21},"2":{"loc":{"start":{"line":53,"column":4},"end":{"line":53,"column":56}},"type":"if","locations":[{"start":{"line":53,"column":4},"end":{"line":53,"column":56}},{"start":{"line":53,"column":4},"end":{"line":53,"column":56}}],"line":53},"3":{"loc":{"start":{"line":54,"column":4},"end":{"line":54,"column":61}},"type":"if","locations":[{"start":{"line":54,"column":4},"end":{"line":54,"column":61}},{"start":{"line":54,"column":4},"end":{"line":54,"column":61}}],"line":54},"4":{"loc":{"start":{"line":68,"column":4},"end":{"line":68,"column":56}},"type":"if","locations":[{"start":{"line":68,"column":4},"end":{"line":68,"column":56}},{"start":{"line":68,"column":4},"end":{"line":68,"column":56}}],"line":68},"5":{"loc":{"start":{"line":69,"column":4},"end":{"line":72,"column":5}},"type":"if","locations":[{"start":{"line":69,"column":4},"end":{"line":72,"column":5}},{"start":{"line":69,"column":4},"end":{"line":72,"column":5}}],"line":69},"6":{"loc":{"start":{"line":69,"column":8},"end":{"line":70,"column":31}},"type":"binary-expr","locations":[{"start":{"line":69,"column":8},"end":{"line":69,"column":56}},{"start":{"line":70,"column":8},"end":{"line":70,"column":31}}],"line":69}},"s":{"0":6,"1":6,"2":6,"3":88,"4":88,"5":88,"6":53,"7":53,"8":87,"9":1,"10":41,"11":41,"12":7,"13":34,"14":9,"15":25,"16":16,"17":24,"18":24,"19":4,"20":20,"21":16,"22":4,"23":8,"24":6},"f":{"0":88,"1":41,"2":24},"b":{"0":[88,87],"1":[53,35],"2":[7,34],"3":[9,25],"4":[4,20],"5":[16,4],"6":[20,11]},"_coverageSchema":"1a1c01bbd47fc00a2c39e90264f33305004495a9","hash":"105341d2ed6d75713a31b6f5b253107f8dea64a6"}
,"/Users/llakes/MEGA/Documents/Coding/Rithm/Rithm_Lectures_Exercises/day33-jobly/express-jobly/models/_testCommon.js": {"path":"/Users/llakes/MEGA/Documents/Coding/Rithm/Rithm_Lectures_Exercises/day33-jobly/express-jobly/models/_testCommon.js","statementMap":{"0":{"start":{"line":2,"column":15},"end":{"line":2,"column":32}},"1":{"start":{"line":4,"column":11},"end":{"line":4,"column":30}},"2":{"start":{"line":5,"column":31},"end":{"line":5,"column":51}},"3":{"start":{"line":9,"column":2},"end":{"line":9,"column":45}},"4":{"start":{"line":10,"column":2},"end":{"line":10,"column":37}},"5":{"start":{"line":12,"column":2},"end":{"line":12,"column":42}},"6":{"start":{"line":14,"column":2},"end":{"line":14,"column":38}},"7":{"start":{"line":15,"column":2},"end":{"line":15,"column":62}},"8":{"start":{"line":17,"column":2},"end":{"line":21,"column":55}},"9":{"start":{"line":23,"column":2},"end":{"line":36,"column":9}},"10":{"start":{"line":38,"column":13},"end":{"line":42,"column":35}},"11":{"start":{"line":51,"column":2},"end":{"line":51,"column":26}},"12":{"start":{"line":55,"column":2},"end":{"line":55,"column":29}},"13":{"start":{"line":59,"column":2},"end":{"line":59,"column":17}},"14":{"start":{"line":63,"column":0},"end":{"line":68,"column":2}}},"fnMap":{"0":{"name":"commonBeforeAll","decl":{"start":{"line":7,"column":15},"end":{"line":7,"column":30}},"loc":{"start":{"line":7,"column":33},"end":{"line":48,"column":1}},"line":7},"1":{"name":"commonBeforeEach","decl":{"start":{"line":50,"column":15},"end":{"line":50,"column":31}},"loc":{"start":{"line":50,"column":34},"end":{"line":52,"column":1}},"line":50},"2":{"name":"commonAfterEach","decl":{"start":{"line":54,"column":15},"end":{"line":54,"column":30}},"loc":{"start":{"line":54,"column":33},"end":{"line":56,"column":1}},"line":54},"3":{"name":"commonAfterAll","decl":{"start":{"line":58,"column":15},"end":{"line":58,"column":29}},"loc":{"start":{"line":58,"column":32},"end":{"line":60,"column":1}},"line":58}},"branchMap":{},"s":{"0":3,"1":3,"2":3,"3":3,"4":3,"5":3,"6":3,"7":3,"8":3,"9":3,"10":3,"11":59,"12":59,"13":3,"14":3},"f":{"0":3,"1":59,"2":59,"3":3},"b":{},"_coverageSchema":"1a1c01bbd47fc00a2c39e90264f33305004495a9","hash":"03810b9c41603524a5045051027bbee2303bcf01"}
,"/Users/llakes/MEGA/Documents/Coding/Rithm/Rithm_Lectures_Exercises/day33-jobly/express-jobly/models/company.js": {"path":"/Users/llakes/MEGA/Documents/Coding/Rithm/Rithm_Lectures_Exercises/day33-jobly/express-jobly/models/company.js","statementMap":{"0":{"start":{"line":3,"column":11},"end":{"line":3,"column":27}},"1":{"start":{"line":4,"column":43},"end":{"line":4,"column":69}},"2":{"start":{"line":5,"column":32},"end":{"line":5,"column":57}},"3":{"start":{"line":20,"column":27},"end":{"line":24,"column":17}},"4":{"start":{"line":26,"column":4},"end":{"line":27,"column":64}},"5":{"start":{"line":27,"column":6},"end":{"line":27,"column":64}},"6":{"start":{"line":29,"column":19},"end":{"line":46,"column":5}},"7":{"start":{"line":47,"column":20},"end":{"line":47,"column":34}},"8":{"start":{"line":49,"column":4},"end":{"line":49,"column":19}},"9":{"start":{"line":61,"column":34},"end":{"line":61,"column":58}},"10":{"start":{"line":63,"column":25},"end":{"line":72,"column":18}},"11":{"start":{"line":73,"column":22},"end":{"line":73,"column":39}},"12":{"start":{"line":75,"column":4},"end":{"line":75,"column":75}},"13":{"start":{"line":75,"column":30},"end":{"line":75,"column":75}},"14":{"start":{"line":77,"column":4},"end":{"line":77,"column":29}},"15":{"start":{"line":133,"column":23},"end":{"line":146,"column":17}},"16":{"start":{"line":147,"column":20},"end":{"line":153,"column":10}},"17":{"start":{"line":147,"column":46},"end":{"line":153,"column":5}},"18":{"start":{"line":155,"column":4},"end":{"line":155,"column":67}},"19":{"start":{"line":155,"column":18},"end":{"line":155,"column":67}},"20":{"start":{"line":157,"column":4},"end":{"line":165,"column":5}},"21":{"start":{"line":158,"column":19},"end":{"line":163,"column":9}},"22":{"start":{"line":158,"column":45},"end":{"line":163,"column":7}},"23":{"start":{"line":164,"column":6},"end":{"line":164,"column":26}},"24":{"start":{"line":167,"column":4},"end":{"line":167,"column":19}},"25":{"start":{"line":183,"column":32},"end":{"line":188,"column":10}},"26":{"start":{"line":189,"column":25},"end":{"line":189,"column":50}},"27":{"start":{"line":191,"column":21},"end":{"line":195,"column":100}},"28":{"start":{"line":196,"column":19},"end":{"line":196,"column":64}},"29":{"start":{"line":197,"column":20},"end":{"line":197,"column":34}},"30":{"start":{"line":199,"column":4},"end":{"line":199,"column":67}},"31":{"start":{"line":199,"column":18},"end":{"line":199,"column":67}},"32":{"start":{"line":201,"column":4},"end":{"line":201,"column":19}},"33":{"start":{"line":210,"column":19},"end":{"line":215,"column":17}},"34":{"start":{"line":216,"column":20},"end":{"line":216,"column":34}},"35":{"start":{"line":218,"column":4},"end":{"line":218,"column":67}},"36":{"start":{"line":218,"column":18},"end":{"line":218,"column":67}},"37":{"start":{"line":234,"column":25},"end":{"line":234,"column":116}},"38":{"start":{"line":235,"column":17},"end":{"line":235,"column":42}},"39":{"start":{"line":237,"column":4},"end":{"line":241,"column":5}},"40":{"start":{"line":238,"column":6},"end":{"line":240,"column":7}},"41":{"start":{"line":239,"column":8},"end":{"line":239,"column":63}},"42":{"start":{"line":244,"column":17},"end":{"line":244,"column":83}},"43":{"start":{"line":244,"column":44},"end":{"line":244,"column":82}},"44":{"start":{"line":246,"column":4},"end":{"line":249,"column":5}},"45":{"start":{"line":247,"column":20},"end":{"line":247,"column":77}},"46":{"start":{"line":248,"column":6},"end":{"line":248,"column":41}},"47":{"start":{"line":251,"column":4},"end":{"line":253,"column":5}},"48":{"start":{"line":252,"column":6},"end":{"line":252,"column":51}},"49":{"start":{"line":255,"column":16},"end":{"line":255,"column":68}},"50":{"start":{"line":257,"column":4},"end":{"line":260,"column":6}},"51":{"start":{"line":269,"column":0},"end":{"line":269,"column":25}}},"fnMap":{"0":{"name":"(anonymous_0)","decl":{"start":{"line":19,"column":2},"end":{"line":19,"column":3}},"loc":{"start":{"line":19,"column":76},"end":{"line":50,"column":3}},"line":19},"1":{"name":"(anonymous_1)","decl":{"start":{"line":60,"column":2},"end":{"line":60,"column":3}},"loc":{"start":{"line":60,"column":34},"end":{"line":78,"column":3}},"line":60},"2":{"name":"(anonymous_2)","decl":{"start":{"line":132,"column":2},"end":{"line":132,"column":3}},"loc":{"start":{"line":132,"column":27},"end":{"line":168,"column":3}},"line":132},"3":{"name":"(anonymous_3)","decl":{"start":{"line":147,"column":40},"end":{"line":147,"column":41}},"loc":{"start":{"line":147,"column":46},"end":{"line":153,"column":5}},"line":147},"4":{"name":"(anonymous_4)","decl":{"start":{"line":158,"column":39},"end":{"line":158,"column":40}},"loc":{"start":{"line":158,"column":45},"end":{"line":163,"column":7}},"line":158},"5":{"name":"(anonymous_5)","decl":{"start":{"line":182,"column":2},"end":{"line":182,"column":3}},"loc":{"start":{"line":182,"column":36},"end":{"line":202,"column":3}},"line":182},"6":{"name":"(anonymous_6)","decl":{"start":{"line":209,"column":2},"end":{"line":209,"column":3}},"loc":{"start":{"line":209,"column":30},"end":{"line":219,"column":3}},"line":209},"7":{"name":"(anonymous_7)","decl":{"start":{"line":233,"column":2},"end":{"line":233,"column":3}},"loc":{"start":{"line":233,"column":37},"end":{"line":266,"column":3}},"line":233},"8":{"name":"(anonymous_8)","decl":{"start":{"line":244,"column":26},"end":{"line":244,"column":27}},"loc":{"start":{"line":244,"column":44},"end":{"line":244,"column":82}},"line":244}},"branchMap":{"0":{"loc":{"start":{"line":26,"column":4},"end":{"line":27,"column":64}},"type":"if","locations":[{"start":{"line":26,"column":4},"end":{"line":27,"column":64}},{"start":{"line":26,"column":4},"end":{"line":27,"column":64}}],"line":26},"1":{"loc":{"start":{"line":60,"column":23},"end":{"line":60,"column":32}},"type":"default-arg","locations":[{"start":{"line":60,"column":30},"end":{"line":60,"column":32}}],"line":60},"2":{"loc":{"start":{"line":75,"column":4},"end":{"line":75,"column":75}},"type":"if","locations":[{"start":{"line":75,"column":4},"end":{"line":75,"column":75}},{"start":{"line":75,"column":4},"end":{"line":75,"column":75}}],"line":75},"3":{"loc":{"start":{"line":155,"column":4},"end":{"line":155,"column":67}},"type":"if","locations":[{"start":{"line":155,"column":4},"end":{"line":155,"column":67}},{"start":{"line":155,"column":4},"end":{"line":155,"column":67}}],"line":155},"4":{"loc":{"start":{"line":157,"column":4},"end":{"line":165,"column":5}},"type":"if","locations":[{"start":{"line":157,"column":4},"end":{"line":165,"column":5}},{"start":{"line":157,"column":4},"end":{"line":165,"column":5}}],"line":157},"5":{"loc":{"start":{"line":199,"column":4},"end":{"line":199,"column":67}},"type":"if","locations":[{"start":{"line":199,"column":4},"end":{"line":199,"column":67}},{"start":{"line":199,"column":4},"end":{"line":199,"column":67}}],"line":199},"6":{"loc":{"start":{"line":218,"column":4},"end":{"line":218,"column":67}},"type":"if","locations":[{"start":{"line":218,"column":4},"end":{"line":218,"column":67}},{"start":{"line":218,"column":4},"end":{"line":218,"column":67}}],"line":218},"7":{"loc":{"start":{"line":238,"column":6},"end":{"line":240,"column":7}},"type":"if","locations":[{"start":{"line":238,"column":6},"end":{"line":240,"column":7}},{"start":{"line":238,"column":6},"end":{"line":240,"column":7}}],"line":238},"8":{"loc":{"start":{"line":246,"column":4},"end":{"line":249,"column":5}},"type":"if","locations":[{"start":{"line":246,"column":4},"end":{"line":249,"column":5}},{"start":{"line":246,"column":4},"end":{"line":249,"column":5}}],"line":246},"9":{"loc":{"start":{"line":251,"column":4},"end":{"line":253,"column":5}},"type":"if","locations":[{"start":{"line":251,"column":4},"end":{"line":253,"column":5}},{"start":{"line":251,"column":4},"end":{"line":253,"column":5}}],"line":251},"10":{"loc":{"start":{"line":255,"column":16},"end":{"line":255,"column":68}},"type":"cond-expr","locations":[{"start":{"line":255,"column":34},"end":{"line":255,"column":63}},{"start":{"line":255,"column":66},"end":{"line":255,"column":68}}],"line":255}},"s":{"0":6,"1":6,"2":6,"3":16,"4":16,"5":1,"6":15,"7":15,"8":15,"9":11,"10":9,"11":8,"12":8,"13":1,"14":7,"15":6,"16":6,"17":5,"18":6,"19":2,"20":4,"21":2,"22":3,"23":2,"24":4,"25":6,"26":5,"27":5,"28":5,"29":5,"30":5,"31":2,"32":3,"33":4,"34":4,"35":4,"36":2,"37":15,"38":15,"39":15,"40":17,"41":2,"42":13,"43":15,"44":13,"45":2,"46":2,"47":11,"48":6,"49":11,"50":11,"51":6},"f":{"0":16,"1":11,"2":6,"3":5,"4":3,"5":6,"6":4,"7":15,"8":15},"b":{"0":[1,15],"1":[1],"2":[1,7],"3":[2,4],"4":[2,2],"5":[2,3],"6":[2,2],"7":[2,15],"8":[2,11],"9":[6,5],"10":[8,3]},"_coverageSchema":"1a1c01bbd47fc00a2c39e90264f33305004495a9","hash":"0dff1f969baef79714783f0b755600f7dd2de1a9"}
,"/Users/llakes/MEGA/Documents/Coding/Rithm/Rithm_Lectures_Exercises/day33-jobly/express-jobly/models/job.js": {"path":"/Users/llakes/MEGA/Documents/Coding/Rithm/Rithm_Lectures_Exercises/day33-jobly/express-jobly/models/job.js","statementMap":{"0":{"start":{"line":3,"column":11},"end":{"line":3,"column":27}},"1":{"start":{"line":4,"column":43},"end":{"line":4,"column":69}},"2":{"start":{"line":5,"column":32},"end":{"line":5,"column":57}},"3":{"start":{"line":19,"column":4},"end":{"line":28,"column":5}},"4":{"start":{"line":20,"column":6},"end":{"line":25,"column":8}},"5":{"start":{"line":27,"column":6},"end":{"line":27,"column":65}},"6":{"start":{"line":30,"column":16},"end":{"line":30,"column":30}},"7":{"start":{"line":32,"column":4},"end":{"line":32,"column":15}},"8":{"start":{"line":44,"column":34},"end":{"line":44,"column":58}},"9":{"start":{"line":46,"column":20},"end":{"line":55,"column":18}},"10":{"start":{"line":56,"column":17},"end":{"line":56,"column":29}},"11":{"start":{"line":58,"column":4},"end":{"line":58,"column":66}},"12":{"start":{"line":58,"column":25},"end":{"line":58,"column":66}},"13":{"start":{"line":60,"column":4},"end":{"line":60,"column":24}},"14":{"start":{"line":71,"column":19},"end":{"line":79,"column":13}},"15":{"start":{"line":81,"column":16},"end":{"line":81,"column":30}},"16":{"start":{"line":83,"column":4},"end":{"line":83,"column":55}},"17":{"start":{"line":83,"column":14},"end":{"line":83,"column":55}},"18":{"start":{"line":85,"column":4},"end":{"line":85,"column":15}},"19":{"start":{"line":101,"column":32},"end":{"line":101,"column":61}},"20":{"start":{"line":102,"column":21},"end":{"line":102,"column":46}},"21":{"start":{"line":104,"column":21},"end":{"line":108,"column":60}},"22":{"start":{"line":109,"column":19},"end":{"line":109,"column":60}},"23":{"start":{"line":110,"column":16},"end":{"line":110,"column":30}},"24":{"start":{"line":112,"column":4},"end":{"line":112,"column":55}},"25":{"start":{"line":112,"column":14},"end":{"line":112,"column":55}},"26":{"start":{"line":114,"column":4},"end":{"line":114,"column":15}},"27":{"start":{"line":123,"column":19},"end":{"line":128,"column":13}},"28":{"start":{"line":129,"column":16},"end":{"line":129,"column":30}},"29":{"start":{"line":131,"column":4},"end":{"line":131,"column":55}},"30":{"start":{"line":131,"column":14},"end":{"line":131,"column":55}},"31":{"start":{"line":148,"column":25},"end":{"line":148,"column":73}},"32":{"start":{"line":150,"column":4},"end":{"line":159,"column":5}},"33":{"start":{"line":154,"column":6},"end":{"line":156,"column":7}},"34":{"start":{"line":155,"column":8},"end":{"line":155,"column":69}},"35":{"start":{"line":157,"column":6},"end":{"line":157,"column":81}},"36":{"start":{"line":157,"column":43},"end":{"line":157,"column":81}},"37":{"start":{"line":158,"column":6},"end":{"line":158,"column":36}},"38":{"start":{"line":161,"column":17},"end":{"line":161,"column":42}},"39":{"start":{"line":163,"column":4},"end":{"line":167,"column":5}},"40":{"start":{"line":164,"column":6},"end":{"line":166,"column":7}},"41":{"start":{"line":165,"column":8},"end":{"line":165,"column":63}},"42":{"start":{"line":171,"column":17},"end":{"line":171,"column":83}},"43":{"start":{"line":171,"column":44},"end":{"line":171,"column":82}},"44":{"start":{"line":173,"column":4},"end":{"line":175,"column":5}},"45":{"start":{"line":174,"column":6},"end":{"line":174,"column":53}},"46":{"start":{"line":177,"column":4},"end":{"line":177,"column":66}},"47":{"start":{"line":177,"column":32},"end":{"line":177,"column":66}},"48":{"start":{"line":179,"column":16},"end":{"line":179,"column":68}},"49":{"start":{"line":181,"column":4},"end":{"line":184,"column":6}},"50":{"start":{"line":188,"column":0},"end":{"line":188,"column":21}}},"fnMap":{"0":{"name":"(anonymous_0)","decl":{"start":{"line":17,"column":2},"end":{"line":17,"column":3}},"loc":{"start":{"line":17,"column":66},"end":{"line":33,"column":3}},"line":17},"1":{"name":"(anonymous_1)","decl":{"start":{"line":43,"column":2},"end":{"line":43,"column":3}},"loc":{"start":{"line":43,"column":34},"end":{"line":61,"column":3}},"line":43},"2":{"name":"(anonymous_2)","decl":{"start":{"line":70,"column":3},"end":{"line":70,"column":4}},"loc":{"start":{"line":70,"column":24},"end":{"line":86,"column":3}},"line":70},"3":{"name":"(anonymous_3)","decl":{"start":{"line":100,"column":2},"end":{"line":100,"column":3}},"loc":{"start":{"line":100,"column":32},"end":{"line":115,"column":3}},"line":100},"4":{"name":"(anonymous_4)","decl":{"start":{"line":122,"column":2},"end":{"line":122,"column":3}},"loc":{"start":{"line":122,"column":26},"end":{"line":132,"column":3}},"line":122},"5":{"name":"(anonymous_5)","decl":{"start":{"line":146,"column":2},"end":{"line":146,"column":3}},"loc":{"start":{"line":146,"column":37},"end":{"line":185,"column":3}},"line":146},"6":{"name":"(anonymous_6)","decl":{"start":{"line":171,"column":26},"end":{"line":171,"column":27}},"loc":{"start":{"line":171,"column":44},"end":{"line":171,"column":82}},"line":171}},"branchMap":{"0":{"loc":{"start":{"line":43,"column":23},"end":{"line":43,"column":32}},"type":"default-arg","locations":[{"start":{"line":43,"column":30},"end":{"line":43,"column":32}}],"line":43},"1":{"loc":{"start":{"line":58,"column":4},"end":{"line":58,"column":66}},"type":"if","locations":[{"start":{"line":58,"column":4},"end":{"line":58,"column":66}},{"start":{"line":58,"column":4},"end":{"line":58,"column":66}}],"line":58},"2":{"loc":{"start":{"line":83,"column":4},"end":{"line":83,"column":55}},"type":"if","locations":[{"start":{"line":83,"column":4},"end":{"line":83,"column":55}},{"start":{"line":83,"column":4},"end":{"line":83,"column":55}}],"line":83},"3":{"loc":{"start":{"line":112,"column":4},"end":{"line":112,"column":55}},"type":"if","locations":[{"start":{"line":112,"column":4},"end":{"line":112,"column":55}},{"start":{"line":112,"column":4},"end":{"line":112,"column":55}}],"line":112},"4":{"loc":{"start":{"line":131,"column":4},"end":{"line":131,"column":55}},"type":"if","locations":[{"start":{"line":131,"column":4},"end":{"line":131,"column":55}},{"start":{"line":131,"column":4},"end":{"line":131,"column":55}}],"line":131},"5":{"loc":{"start":{"line":150,"column":4},"end":{"line":159,"column":5}},"type":"if","locations":[{"start":{"line":150,"column":4},"end":{"line":159,"column":5}},{"start":{"line":150,"column":4},"end":{"line":159,"column":5}}],"line":150},"6":{"loc":{"start":{"line":154,"column":6},"end":{"line":156,"column":7}},"type":"if","locations":[{"start":{"line":154,"column":6},"end":{"line":156,"column":7}},{"start":{"line":154,"column":6},"end":{"line":156,"column":7}}],"line":154},"7":{"loc":{"start":{"line":157,"column":6},"end":{"line":157,"column":81}},"type":"if","locations":[{"start":{"line":157,"column":6},"end":{"line":157,"column":81}},{"start":{"line":157,"column":6},"end":{"line":157,"column":81}}],"line":157},"8":{"loc":{"start":{"line":164,"column":6},"end":{"line":166,"column":7}},"type":"if","locations":[{"start":{"line":164,"column":6},"end":{"line":166,"column":7}},{"start":{"line":164,"column":6},"end":{"line":166,"column":7}}],"line":164},"9":{"loc":{"start":{"line":173,"column":4},"end":{"line":175,"column":5}},"type":"if","locations":[{"start":{"line":173,"column":4},"end":{"line":175,"column":5}},{"start":{"line":173,"column":4},"end":{"line":175,"column":5}}],"line":173},"10":{"loc":{"start":{"line":177,"column":4},"end":{"line":177,"column":66}},"type":"if","locations":[{"start":{"line":177,"column":4},"end":{"line":177,"column":66}},{"start":{"line":177,"column":4},"end":{"line":177,"column":66}}],"line":177},"11":{"loc":{"start":{"line":179,"column":16},"end":{"line":179,"column":68}},"type":"cond-expr","locations":[{"start":{"line":179,"column":34},"end":{"line":179,"column":63}},{"start":{"line":179,"column":66},"end":{"line":179,"column":68}}],"line":179}},"s":{"0":6,"1":6,"2":6,"3":15,"4":15,"5":1,"6":14,"7":14,"8":14,"9":13,"10":12,"11":12,"12":1,"13":11,"14":4,"15":4,"16":4,"17":2,"18":2,"19":6,"20":5,"21":5,"22":5,"23":5,"24":5,"25":2,"26":3,"27":4,"28":4,"29":4,"30":2,"31":18,"32":18,"33":5,"34":1,"35":4,"36":2,"37":4,"38":17,"39":17,"40":11,"41":2,"42":15,"43":9,"44":15,"45":6,"46":15,"47":2,"48":15,"49":15,"50":6},"f":{"0":15,"1":14,"2":4,"3":6,"4":4,"5":18,"6":9},"b":{"0":[1],"1":[1,11],"2":[2,2],"3":[2,3],"4":[2,2],"5":[5,13],"6":[1,4],"7":[2,2],"8":[2,9],"9":[6,9],"10":[2,13],"11":[10,5]},"_coverageSchema":"1a1c01bbd47fc00a2c39e90264f33305004495a9","hash":"3f4234d0662299e2cdd5c056d2fc9cf578c82ffb"}
,"/Users/llakes/MEGA/Documents/Coding/Rithm/Rithm_Lectures_Exercises/day33-jobly/express-jobly/models/user.js": {"path":"/Users/llakes/MEGA/Documents/Coding/Rithm/Rithm_Lectures_Exercises/day33-jobly/express-jobly/models/user.js","statementMap":{"0":{"start":{"line":3,"column":11},"end":{"line":3,"column":27}},"1":{"start":{"line":4,"column":15},"end":{"line":4,"column":32}},"2":{"start":{"line":5,"column":32},"end":{"line":5,"column":57}},"3":{"start":{"line":10,"column":4},"end":{"line":10,"column":30}},"4":{"start":{"line":12,"column":31},"end":{"line":12,"column":54}},"5":{"start":{"line":26,"column":19},"end":{"line":36,"column":5}},"6":{"start":{"line":38,"column":17},"end":{"line":38,"column":31}},"7":{"start":{"line":40,"column":4},"end":{"line":47,"column":5}},"8":{"start":{"line":42,"column":22},"end":{"line":42,"column":67}},"9":{"start":{"line":43,"column":6},"end":{"line":46,"column":7}},"10":{"start":{"line":44,"column":8},"end":{"line":44,"column":29}},"11":{"start":{"line":45,"column":8},"end":{"line":45,"column":20}},"12":{"start":{"line":49,"column":4},"end":{"line":49,"column":61}},"13":{"start":{"line":61,"column":27},"end":{"line":66,"column":5}},"14":{"start":{"line":68,"column":4},"end":{"line":70,"column":5}},"15":{"start":{"line":69,"column":6},"end":{"line":69,"column":67}},"16":{"start":{"line":72,"column":27},"end":{"line":72,"column":74}},"17":{"start":{"line":74,"column":19},"end":{"line":92,"column":5}},"18":{"start":{"line":94,"column":17},"end":{"line":94,"column":31}},"19":{"start":{"line":96,"column":4},"end":{"line":96,"column":16}},"20":{"start":{"line":105,"column":19},"end":{"line":113,"column":5}},"21":{"start":{"line":115,"column":4},"end":{"line":115,"column":23}},"22":{"start":{"line":127,"column":20},"end":{"line":136,"column":5}},"23":{"start":{"line":138,"column":17},"end":{"line":138,"column":32}},"24":{"start":{"line":140,"column":4},"end":{"line":140,"column":63}},"25":{"start":{"line":140,"column":15},"end":{"line":140,"column":63}},"26":{"start":{"line":142,"column":4},"end":{"line":142,"column":16}},"27":{"start":{"line":207,"column":4},"end":{"line":209,"column":5}},"28":{"start":{"line":208,"column":6},"end":{"line":208,"column":75}},"29":{"start":{"line":211,"column":32},"end":{"line":217,"column":10}},"30":{"start":{"line":218,"column":27},"end":{"line":218,"column":52}},"31":{"start":{"line":220,"column":21},"end":{"line":227,"column":54}},"32":{"start":{"line":228,"column":19},"end":{"line":228,"column":66}},"33":{"start":{"line":229,"column":17},"end":{"line":229,"column":31}},"34":{"start":{"line":231,"column":4},"end":{"line":231,"column":63}},"35":{"start":{"line":231,"column":15},"end":{"line":231,"column":63}},"36":{"start":{"line":233,"column":4},"end":{"line":233,"column":25}},"37":{"start":{"line":234,"column":4},"end":{"line":234,"column":16}},"38":{"start":{"line":240,"column":17},"end":{"line":246,"column":5}},"39":{"start":{"line":247,"column":17},"end":{"line":247,"column":31}},"40":{"start":{"line":249,"column":4},"end":{"line":249,"column":63}},"41":{"start":{"line":249,"column":15},"end":{"line":249,"column":63}},"42":{"start":{"line":269,"column":0},"end":{"line":269,"column":22}}},"fnMap":{"0":{"name":"(anonymous_0)","decl":{"start":{"line":24,"column":2},"end":{"line":24,"column":3}},"loc":{"start":{"line":24,"column":48},"end":{"line":50,"column":3}},"line":24},"1":{"name":"(anonymous_1)","decl":{"start":{"line":59,"column":2},"end":{"line":59,"column":3}},"loc":{"start":{"line":60,"column":67},"end":{"line":97,"column":3}},"line":60},"2":{"name":"(anonymous_2)","decl":{"start":{"line":104,"column":2},"end":{"line":104,"column":3}},"loc":{"start":{"line":104,"column":25},"end":{"line":116,"column":3}},"line":104},"3":{"name":"(anonymous_3)","decl":{"start":{"line":126,"column":2},"end":{"line":126,"column":3}},"loc":{"start":{"line":126,"column":29},"end":{"line":143,"column":3}},"line":126},"4":{"name":"(anonymous_4)","decl":{"start":{"line":206,"column":2},"end":{"line":206,"column":3}},"loc":{"start":{"line":206,"column":38},"end":{"line":235,"column":3}},"line":206},"5":{"name":"(anonymous_5)","decl":{"start":{"line":239,"column":2},"end":{"line":239,"column":3}},"loc":{"start":{"line":239,"column":32},"end":{"line":250,"column":3}},"line":239}},"branchMap":{"0":{"loc":{"start":{"line":40,"column":4},"end":{"line":47,"column":5}},"type":"if","locations":[{"start":{"line":40,"column":4},"end":{"line":47,"column":5}},{"start":{"line":40,"column":4},"end":{"line":47,"column":5}}],"line":40},"1":{"loc":{"start":{"line":43,"column":6},"end":{"line":46,"column":7}},"type":"if","locations":[{"start":{"line":43,"column":6},"end":{"line":46,"column":7}},{"start":{"line":43,"column":6},"end":{"line":46,"column":7}}],"line":43},"2":{"loc":{"start":{"line":68,"column":4},"end":{"line":70,"column":5}},"type":"if","locations":[{"start":{"line":68,"column":4},"end":{"line":70,"column":5}},{"start":{"line":68,"column":4},"end":{"line":70,"column":5}}],"line":68},"3":{"loc":{"start":{"line":140,"column":4},"end":{"line":140,"column":63}},"type":"if","locations":[{"start":{"line":140,"column":4},"end":{"line":140,"column":63}},{"start":{"line":140,"column":4},"end":{"line":140,"column":63}}],"line":140},"4":{"loc":{"start":{"line":207,"column":4},"end":{"line":209,"column":5}},"type":"if","locations":[{"start":{"line":207,"column":4},"end":{"line":209,"column":5}},{"start":{"line":207,"column":4},"end":{"line":209,"column":5}}],"line":207},"5":{"loc":{"start":{"line":231,"column":4},"end":{"line":231,"column":63}},"type":"if","locations":[{"start":{"line":231,"column":4},"end":{"line":231,"column":63}},{"start":{"line":231,"column":4},"end":{"line":231,"column":63}}],"line":231},"6":{"loc":{"start":{"line":249,"column":4},"end":{"line":249,"column":63}},"type":"if","locations":[{"start":{"line":249,"column":4},"end":{"line":249,"column":63}},{"start":{"line":249,"column":4},"end":{"line":249,"column":63}}],"line":249}},"s":{"0":6,"1":6,"2":6,"3":6,"4":6,"5":7,"6":7,"7":7,"8":4,"9":4,"10":3,"11":3,"12":4,"13":19,"14":19,"15":1,"16":18,"17":18,"18":18,"19":18,"20":3,"21":2,"22":6,"23":6,"24":6,"25":2,"26":4,"27":9,"28":2,"29":9,"30":8,"31":8,"32":8,"33":8,"34":8,"35":2,"36":6,"37":6,"38":6,"39":6,"40":6,"41":2,"42":6},"f":{"0":7,"1":19,"2":3,"3":6,"4":9,"5":6},"b":{"0":[4,3],"1":[3,1],"2":[1,18],"3":[2,4],"4":[2,7],"5":[2,6],"6":[2,4]},"_coverageSchema":"1a1c01bbd47fc00a2c39e90264f33305004495a9","hash":"ee6c5af724a27c26dd506670e45d54b814ce64e6"}
,"/Users/llakes/MEGA/Documents/Coding/Rithm/Rithm_Lectures_Exercises/day33-jobly/express-jobly/routes/_testCommon.js": {"path":"/Users/llakes/MEGA/Documents/Coding/Rithm/Rithm_Lectures_Exercises/day33-jobly/express-jobly/routes/_testCommon.js","statementMap":{"0":{"start":{"line":3,"column":11},"end":{"line":3,"column":30}},"1":{"start":{"line":4,"column":13},"end":{"line":4,"column":38}},"2":{"start":{"line":5,"column":16},"end":{"line":5,"column":44}},"3":{"start":{"line":6,"column":12},"end":{"line":6,"column":36}},"4":{"start":{"line":7,"column":24},"end":{"line":7,"column":52}},"5":{"start":{"line":11,"column":2},"end":{"line":11,"column":38}},"6":{"start":{"line":13,"column":2},"end":{"line":13,"column":37}},"7":{"start":{"line":15,"column":2},"end":{"line":15,"column":42}},"8":{"start":{"line":16,"column":2},"end":{"line":16,"column":62}},"9":{"start":{"line":18,"column":2},"end":{"line":25,"column":9}},"10":{"start":{"line":26,"column":2},"end":{"line":33,"column":9}},"11":{"start":{"line":34,"column":2},"end":{"line":41,"column":9}},"12":{"start":{"line":43,"column":2},"end":{"line":49,"column":7}},"13":{"start":{"line":50,"column":2},"end":{"line":56,"column":7}},"14":{"start":{"line":57,"column":2},"end":{"line":63,"column":7}},"15":{"start":{"line":65,"column":2},"end":{"line":72,"column":5}},"16":{"start":{"line":73,"column":2},"end":{"line":80,"column":5}},"17":{"start":{"line":81,"column":2},"end":{"line":88,"column":5}},"18":{"start":{"line":92,"column":2},"end":{"line":92,"column":26}},"19":{"start":{"line":96,"column":2},"end":{"line":96,"column":29}},"20":{"start":{"line":100,"column":2},"end":{"line":100,"column":17}},"21":{"start":{"line":104,"column":16},"end":{"line":104,"column":62}},"22":{"start":{"line":105,"column":16},"end":{"line":105,"column":63}},"23":{"start":{"line":108,"column":0},"end":{"line":115,"column":2}}},"fnMap":{"0":{"name":"commonBeforeAll","decl":{"start":{"line":9,"column":15},"end":{"line":9,"column":30}},"loc":{"start":{"line":9,"column":33},"end":{"line":89,"column":1}},"line":9},"1":{"name":"commonBeforeEach","decl":{"start":{"line":91,"column":15},"end":{"line":91,"column":31}},"loc":{"start":{"line":91,"column":34},"end":{"line":93,"column":1}},"line":91},"2":{"name":"commonAfterEach","decl":{"start":{"line":95,"column":15},"end":{"line":95,"column":30}},"loc":{"start":{"line":95,"column":33},"end":{"line":97,"column":1}},"line":95},"3":{"name":"commonAfterAll","decl":{"start":{"line":99,"column":15},"end":{"line":99,"column":29}},"loc":{"start":{"line":99,"column":32},"end":{"line":101,"column":1}},"line":99}},"branchMap":{},"s":{"0":4,"1":4,"2":4,"3":4,"4":4,"5":4,"6":4,"7":4,"8":4,"9":4,"10":4,"11":4,"12":4,"13":4,"14":4,"15":4,"16":4,"17":4,"18":83,"19":83,"20":4,"21":4,"22":4,"23":4},"f":{"0":4,"1":83,"2":83,"3":4},"b":{},"_coverageSchema":"1a1c01bbd47fc00a2c39e90264f33305004495a9","hash":"cec877e999449c17794e6aa415800831317e48d6"}
,"/Users/llakes/MEGA/Documents/Coding/Rithm/Rithm_Lectures_Exercises/day33-jobly/express-jobly/routes/auth.js": {"path":"/Users/llakes/MEGA/Documents/Coding/Rithm/Rithm_Lectures_Exercises/day33-jobly/express-jobly/routes/auth.js","statementMap":{"0":{"start":{"line":5,"column":19},"end":{"line":5,"column":40}},"1":{"start":{"line":7,"column":13},"end":{"line":7,"column":38}},"2":{"start":{"line":8,"column":16},"end":{"line":8,"column":34}},"3":{"start":{"line":9,"column":15},"end":{"line":9,"column":35}},"4":{"start":{"line":10,"column":24},"end":{"line":10,"column":52}},"5":{"start":{"line":11,"column":23},"end":{"line":11,"column":58}},"6":{"start":{"line":12,"column":27},"end":{"line":12,"column":66}},"7":{"start":{"line":13,"column":28},"end":{"line":13,"column":54}},"8":{"start":{"line":22,"column":0},"end":{"line":33,"column":3}},"9":{"start":{"line":23,"column":20},"end":{"line":23,"column":65}},"10":{"start":{"line":24,"column":2},"end":{"line":27,"column":3}},"11":{"start":{"line":25,"column":17},"end":{"line":25,"column":51}},"12":{"start":{"line":25,"column":43},"end":{"line":25,"column":50}},"13":{"start":{"line":26,"column":4},"end":{"line":26,"column":36}},"14":{"start":{"line":29,"column":33},"end":{"line":29,"column":41}},"15":{"start":{"line":30,"column":15},"end":{"line":30,"column":58}},"16":{"start":{"line":31,"column":16},"end":{"line":31,"column":33}},"17":{"start":{"line":32,"column":2},"end":{"line":32,"column":29}},"18":{"start":{"line":45,"column":0},"end":{"line":55,"column":3}},"19":{"start":{"line":46,"column":20},"end":{"line":46,"column":69}},"20":{"start":{"line":47,"column":2},"end":{"line":50,"column":3}},"21":{"start":{"line":48,"column":17},"end":{"line":48,"column":51}},"22":{"start":{"line":48,"column":43},"end":{"line":48,"column":50}},"23":{"start":{"line":49,"column":4},"end":{"line":49,"column":36}},"24":{"start":{"line":52,"column":18},"end":{"line":52,"column":70}},"25":{"start":{"line":53,"column":16},"end":{"line":53,"column":36}},"26":{"start":{"line":54,"column":2},"end":{"line":54,"column":41}},"27":{"start":{"line":58,"column":0},"end":{"line":58,"column":24}}},"fnMap":{"0":{"name":"(anonymous_0)","decl":{"start":{"line":22,"column":22},"end":{"line":22,"column":23}},"loc":{"start":{"line":22,"column":54},"end":{"line":33,"column":1}},"line":22},"1":{"name":"(anonymous_1)","decl":{"start":{"line":25,"column":38},"end":{"line":25,"column":39}},"loc":{"start":{"line":25,"column":43},"end":{"line":25,"column":50}},"line":25},"2":{"name":"(anonymous_2)","decl":{"start":{"line":45,"column":25},"end":{"line":45,"column":26}},"loc":{"start":{"line":45,"column":57},"end":{"line":55,"column":1}},"line":45},"3":{"name":"(anonymous_3)","decl":{"start":{"line":48,"column":38},"end":{"line":48,"column":39}},"loc":{"start":{"line":48,"column":43},"end":{"line":48,"column":50}},"line":48}},"branchMap":{"0":{"loc":{"start":{"line":24,"column":2},"end":{"line":27,"column":3}},"type":"if","locations":[{"start":{"line":24,"column":2},"end":{"line":27,"column":3}},{"start":{"line":24,"column":2},"end":{"line":27,"column":3}}],"line":24},"1":{"loc":{"start":{"line":47,"column":2},"end":{"line":50,"column":3}},"type":"if","locations":[{"start":{"line":47,"column":2},"end":{"line":50,"column":3}},{"start":{"line":47,"column":2},"end":{"line":50,"column":3}}],"line":47}},"s":{"0":5,"1":5,"2":5,"3":5,"4":5,"5":5,"6":5,"7":5,"8":5,"9":5,"10":5,"11":2,"12":2,"13":2,"14":3,"15":3,"16":1,"17":1,"18":5,"19":3,"20":3,"21":2,"22":5,"23":2,"24":1,"25":1,"26":1,"27":5},"f":{"0":5,"1":2,"2":3,"3":5},"b":{"0":[2,3],"1":[2,1]},"_coverageSchema":"1a1c01bbd47fc00a2c39e90264f33305004495a9","hash":"fdcfcf8f8e34928fc6e382e285d7d35d9e75a545"}
,"/Users/llakes/MEGA/Documents/Coding/Rithm/Rithm_Lectures_Exercises/day33-jobly/express-jobly/routes/companies.js": {"path":"/Users/llakes/MEGA/Documents/Coding/Rithm/Rithm_Lectures_Exercises/day33-jobly/express-jobly/routes/companies.js","statementMap":{"0":{"start":{"line":5,"column":19},"end":{"line":5,"column":40}},"1":{"start":{"line":6,"column":16},"end":{"line":6,"column":34}},"2":{"start":{"line":8,"column":28},"end":{"line":8,"column":54}},"3":{"start":{"line":9,"column":34},"end":{"line":9,"column":63}},"4":{"start":{"line":10,"column":16},"end":{"line":10,"column":44}},"5":{"start":{"line":12,"column":25},"end":{"line":12,"column":62}},"6":{"start":{"line":13,"column":28},"end":{"line":13,"column":68}},"7":{"start":{"line":14,"column":28},"end":{"line":14,"column":68}},"8":{"start":{"line":16,"column":15},"end":{"line":16,"column":35}},"9":{"start":{"line":28,"column":0},"end":{"line":37,"column":3}},"10":{"start":{"line":29,"column":20},"end":{"line":29,"column":67}},"11":{"start":{"line":30,"column":2},"end":{"line":33,"column":3}},"12":{"start":{"line":31,"column":17},"end":{"line":31,"column":51}},"13":{"start":{"line":31,"column":43},"end":{"line":31,"column":50}},"14":{"start":{"line":32,"column":4},"end":{"line":32,"column":36}},"15":{"start":{"line":35,"column":18},"end":{"line":35,"column":48}},"16":{"start":{"line":36,"column":2},"end":{"line":36,"column":43}},"17":{"start":{"line":51,"column":0},"end":{"line":69,"column":3}},"18":{"start":{"line":52,"column":10},"end":{"line":52,"column":24}},"19":{"start":{"line":53,"column":2},"end":{"line":55,"column":3}},"20":{"start":{"line":54,"column":4},"end":{"line":54,"column":44}},"21":{"start":{"line":56,"column":2},"end":{"line":58,"column":3}},"22":{"start":{"line":57,"column":4},"end":{"line":57,"column":44}},"23":{"start":{"line":59,"column":20},"end":{"line":59,"column":63}},"24":{"start":{"line":61,"column":2},"end":{"line":64,"column":3}},"25":{"start":{"line":62,"column":17},"end":{"line":62,"column":51}},"26":{"start":{"line":62,"column":43},"end":{"line":62,"column":50}},"27":{"start":{"line":63,"column":4},"end":{"line":63,"column":36}},"28":{"start":{"line":66,"column":18},"end":{"line":66,"column":42}},"29":{"start":{"line":68,"column":2},"end":{"line":68,"column":33}},"30":{"start":{"line":79,"column":0},"end":{"line":82,"column":3}},"31":{"start":{"line":80,"column":18},"end":{"line":80,"column":54}},"32":{"start":{"line":81,"column":2},"end":{"line":81,"column":31}},"33":{"start":{"line":95,"column":0},"end":{"line":104,"column":3}},"34":{"start":{"line":96,"column":20},"end":{"line":96,"column":70}},"35":{"start":{"line":97,"column":2},"end":{"line":100,"column":3}},"36":{"start":{"line":98,"column":17},"end":{"line":98,"column":51}},"37":{"start":{"line":98,"column":43},"end":{"line":98,"column":50}},"38":{"start":{"line":99,"column":4},"end":{"line":99,"column":36}},"39":{"start":{"line":102,"column":18},"end":{"line":102,"column":67}},"40":{"start":{"line":103,"column":2},"end":{"line":103,"column":31}},"41":{"start":{"line":111,"column":0},"end":{"line":114,"column":3}},"42":{"start":{"line":112,"column":2},"end":{"line":112,"column":42}},"43":{"start":{"line":113,"column":2},"end":{"line":113,"column":50}},"44":{"start":{"line":117,"column":0},"end":{"line":117,"column":24}}},"fnMap":{"0":{"name":"(anonymous_0)","decl":{"start":{"line":28,"column":40},"end":{"line":28,"column":41}},"loc":{"start":{"line":28,"column":72},"end":{"line":37,"column":1}},"line":28},"1":{"name":"(anonymous_1)","decl":{"start":{"line":31,"column":38},"end":{"line":31,"column":39}},"loc":{"start":{"line":31,"column":43},"end":{"line":31,"column":50}},"line":31},"2":{"name":"(anonymous_2)","decl":{"start":{"line":51,"column":16},"end":{"line":51,"column":17}},"loc":{"start":{"line":51,"column":48},"end":{"line":69,"column":1}},"line":51},"3":{"name":"(anonymous_3)","decl":{"start":{"line":62,"column":38},"end":{"line":62,"column":39}},"loc":{"start":{"line":62,"column":43},"end":{"line":62,"column":50}},"line":62},"4":{"name":"(anonymous_4)","decl":{"start":{"line":79,"column":23},"end":{"line":79,"column":24}},"loc":{"start":{"line":79,"column":55},"end":{"line":82,"column":1}},"line":79},"5":{"name":"(anonymous_5)","decl":{"start":{"line":95,"column":48},"end":{"line":95,"column":49}},"loc":{"start":{"line":95,"column":80},"end":{"line":104,"column":1}},"line":95},"6":{"name":"(anonymous_6)","decl":{"start":{"line":98,"column":38},"end":{"line":98,"column":39}},"loc":{"start":{"line":98,"column":43},"end":{"line":98,"column":50}},"line":98},"7":{"name":"(anonymous_7)","decl":{"start":{"line":111,"column":49},"end":{"line":111,"column":50}},"loc":{"start":{"line":111,"column":81},"end":{"line":114,"column":1}},"line":111}},"branchMap":{"0":{"loc":{"start":{"line":30,"column":2},"end":{"line":33,"column":3}},"type":"if","locations":[{"start":{"line":30,"column":2},"end":{"line":33,"column":3}},{"start":{"line":30,"column":2},"end":{"line":33,"column":3}}],"line":30},"1":{"loc":{"start":{"line":53,"column":2},"end":{"line":55,"column":3}},"type":"if","locations":[{"start":{"line":53,"column":2},"end":{"line":55,"column":3}},{"start":{"line":53,"column":2},"end":{"line":55,"column":3}}],"line":53},"2":{"loc":{"start":{"line":56,"column":2},"end":{"line":58,"column":3}},"type":"if","locations":[{"start":{"line":56,"column":2},"end":{"line":58,"column":3}},{"start":{"line":56,"column":2},"end":{"line":58,"column":3}}],"line":56},"3":{"loc":{"start":{"line":61,"column":2},"end":{"line":64,"column":3}},"type":"if","locations":[{"start":{"line":61,"column":2},"end":{"line":64,"column":3}},{"start":{"line":61,"column":2},"end":{"line":64,"column":3}}],"line":61},"4":{"loc":{"start":{"line":97,"column":2},"end":{"line":100,"column":3}},"type":"if","locations":[{"start":{"line":97,"column":2},"end":{"line":100,"column":3}},{"start":{"line":97,"column":2},"end":{"line":100,"column":3}}],"line":97}},"s":{"0":5,"1":5,"2":5,"3":5,"4":5,"5":5,"6":5,"7":5,"8":5,"9":5,"10":3,"11":3,"12":2,"13":3,"14":2,"15":1,"16":1,"17":5,"18":5,"19":5,"20":1,"21":5,"22":1,"23":5,"24":5,"25":1,"26":1,"27":1,"28":4,"29":3,"30":5,"31":3,"32":2,"33":5,"34":4,"35":4,"36":2,"37":2,"38":2,"39":2,"40":1,"41":5,"42":2,"43":1,"44":5},"f":{"0":3,"1":3,"2":5,"3":1,"4":3,"5":4,"6":2,"7":2},"b":{"0":[2,1],"1":[1,4],"2":[1,4],"3":[1,4],"4":[2,2]},"_coverageSchema":"1a1c01bbd47fc00a2c39e90264f33305004495a9","hash":"8ec0b228ead67e122dd59001d2aae9bc53f91a92"}
,"/Users/llakes/MEGA/Documents/Coding/Rithm/Rithm_Lectures_Exercises/day33-jobly/express-jobly/routes/jobs.js": {"path":"/Users/llakes/MEGA/Documents/Coding/Rithm/Rithm_Lectures_Exercises/day33-jobly/express-jobly/routes/jobs.js","statementMap":{"0":{"start":{"line":5,"column":19},"end":{"line":5,"column":40}},"1":{"start":{"line":6,"column":16},"end":{"line":6,"column":34}},"2":{"start":{"line":8,"column":28},"end":{"line":8,"column":54}},"3":{"start":{"line":9,"column":34},"end":{"line":9,"column":63}},"4":{"start":{"line":10,"column":12},"end":{"line":10,"column":36}},"5":{"start":{"line":12,"column":21},"end":{"line":12,"column":54}},"6":{"start":{"line":13,"column":24},"end":{"line":13,"column":60}},"7":{"start":{"line":14,"column":24},"end":{"line":14,"column":60}},"8":{"start":{"line":16,"column":15},"end":{"line":16,"column":35}},"9":{"start":{"line":28,"column":0},"end":{"line":37,"column":3}},"10":{"start":{"line":29,"column":20},"end":{"line":29,"column":63}},"11":{"start":{"line":30,"column":2},"end":{"line":33,"column":3}},"12":{"start":{"line":31,"column":17},"end":{"line":31,"column":51}},"13":{"start":{"line":31,"column":43},"end":{"line":31,"column":50}},"14":{"start":{"line":32,"column":4},"end":{"line":32,"column":36}},"15":{"start":{"line":35,"column":14},"end":{"line":35,"column":40}},"16":{"start":{"line":36,"column":2},"end":{"line":36,"column":39}},"17":{"start":{"line":52,"column":0},"end":{"line":74,"column":3}},"18":{"start":{"line":53,"column":10},"end":{"line":53,"column":24}},"19":{"start":{"line":54,"column":2},"end":{"line":56,"column":3}},"20":{"start":{"line":55,"column":4},"end":{"line":55,"column":38}},"21":{"start":{"line":57,"column":2},"end":{"line":59,"column":3}},"22":{"start":{"line":58,"column":4},"end":{"line":58,"column":23}},"23":{"start":{"line":60,"column":2},"end":{"line":62,"column":3}},"24":{"start":{"line":61,"column":4},"end":{"line":61,"column":24}},"25":{"start":{"line":64,"column":20},"end":{"line":64,"column":59}},"26":{"start":{"line":66,"column":2},"end":{"line":69,"column":3}},"27":{"start":{"line":67,"column":17},"end":{"line":67,"column":51}},"28":{"start":{"line":67,"column":43},"end":{"line":67,"column":50}},"29":{"start":{"line":68,"column":4},"end":{"line":68,"column":36}},"30":{"start":{"line":71,"column":13},"end":{"line":71,"column":33}},"31":{"start":{"line":73,"column":2},"end":{"line":73,"column":28}},"32":{"start":{"line":83,"column":0},"end":{"line":86,"column":3}},"33":{"start":{"line":84,"column":14},"end":{"line":84,"column":42}},"34":{"start":{"line":85,"column":2},"end":{"line":85,"column":27}},"35":{"start":{"line":99,"column":0},"end":{"line":108,"column":3}},"36":{"start":{"line":100,"column":20},"end":{"line":100,"column":66}},"37":{"start":{"line":101,"column":2},"end":{"line":104,"column":3}},"38":{"start":{"line":102,"column":17},"end":{"line":102,"column":51}},"39":{"start":{"line":102,"column":43},"end":{"line":102,"column":50}},"40":{"start":{"line":103,"column":4},"end":{"line":103,"column":36}},"41":{"start":{"line":106,"column":14},"end":{"line":106,"column":55}},"42":{"start":{"line":107,"column":2},"end":{"line":107,"column":27}},"43":{"start":{"line":117,"column":0},"end":{"line":120,"column":3}},"44":{"start":{"line":118,"column":2},"end":{"line":118,"column":34}},"45":{"start":{"line":119,"column":2},"end":{"line":119,"column":46}},"46":{"start":{"line":123,"column":0},"end":{"line":123,"column":24}}},"fnMap":{"0":{"name":"(anonymous_0)","decl":{"start":{"line":28,"column":40},"end":{"line":28,"column":41}},"loc":{"start":{"line":28,"column":72},"end":{"line":37,"column":1}},"line":28},"1":{"name":"(anonymous_1)","decl":{"start":{"line":31,"column":38},"end":{"line":31,"column":39}},"loc":{"start":{"line":31,"column":43},"end":{"line":31,"column":50}},"line":31},"2":{"name":"(anonymous_2)","decl":{"start":{"line":52,"column":16},"end":{"line":52,"column":17}},"loc":{"start":{"line":52,"column":48},"end":{"line":74,"column":1}},"line":52},"3":{"name":"(anonymous_3)","decl":{"start":{"line":67,"column":38},"end":{"line":67,"column":39}},"loc":{"start":{"line":67,"column":43},"end":{"line":67,"column":50}},"line":67},"4":{"name":"(anonymous_4)","decl":{"start":{"line":83,"column":19},"end":{"line":83,"column":20}},"loc":{"start":{"line":83,"column":51},"end":{"line":86,"column":1}},"line":83},"5":{"name":"(anonymous_5)","decl":{"start":{"line":99,"column":44},"end":{"line":99,"column":45}},"loc":{"start":{"line":99,"column":76},"end":{"line":108,"column":1}},"line":99},"6":{"name":"(anonymous_6)","decl":{"start":{"line":102,"column":38},"end":{"line":102,"column":39}},"loc":{"start":{"line":102,"column":43},"end":{"line":102,"column":50}},"line":102},"7":{"name":"(anonymous_7)","decl":{"start":{"line":117,"column":45},"end":{"line":117,"column":46}},"loc":{"start":{"line":117,"column":77},"end":{"line":120,"column":1}},"line":117}},"branchMap":{"0":{"loc":{"start":{"line":30,"column":2},"end":{"line":33,"column":3}},"type":"if","locations":[{"start":{"line":30,"column":2},"end":{"line":33,"column":3}},{"start":{"line":30,"column":2},"end":{"line":33,"column":3}}],"line":30},"1":{"loc":{"start":{"line":54,"column":2},"end":{"line":56,"column":3}},"type":"if","locations":[{"start":{"line":54,"column":2},"end":{"line":56,"column":3}},{"start":{"line":54,"column":2},"end":{"line":56,"column":3}}],"line":54},"2":{"loc":{"start":{"line":57,"column":2},"end":{"line":59,"column":3}},"type":"if","locations":[{"start":{"line":57,"column":2},"end":{"line":59,"column":3}},{"start":{"line":57,"column":2},"end":{"line":59,"column":3}}],"line":57},"3":{"loc":{"start":{"line":60,"column":2},"end":{"line":62,"column":3}},"type":"if","locations":[{"start":{"line":60,"column":2},"end":{"line":62,"column":3}},{"start":{"line":60,"column":2},"end":{"line":62,"column":3}}],"line":60},"4":{"loc":{"start":{"line":66,"column":2},"end":{"line":69,"column":3}},"type":"if","locations":[{"start":{"line":66,"column":2},"end":{"line":69,"column":3}},{"start":{"line":66,"column":2},"end":{"line":69,"column":3}}],"line":66},"5":{"loc":{"start":{"line":101,"column":2},"end":{"line":104,"column":3}},"type":"if","locations":[{"start":{"line":101,"column":2},"end":{"line":104,"column":3}},{"start":{"line":101,"column":2},"end":{"line":104,"column":3}}],"line":101}},"s":{"0":5,"1":5,"2":5,"3":5,"4":5,"5":5,"6":5,"7":5,"8":5,"9":5,"10":3,"11":3,"12":2,"13":2,"14":2,"15":1,"16":1,"17":5,"18":7,"19":7,"20":1,"21":7,"22":1,"23":7,"24":1,"25":7,"26":7,"27":1,"28":1,"29":1,"30":6,"31":5,"32":5,"33":2,"34":1,"35":5,"36":4,"37":4,"38":2,"39":2,"40":2,"41":2,"42":1,"43":5,"44":2,"45":1,"46":5},"f":{"0":3,"1":2,"2":7,"3":1,"4":2,"5":4,"6":2,"7":2},"b":{"0":[2,1],"1":[1,6],"2":[1,6],"3":[1,6],"4":[1,6],"5":[2,2]},"_coverageSchema":"1a1c01bbd47fc00a2c39e90264f33305004495a9","hash":"3561a2cf15d31e531bc7185a5b352809bfe2b190"}
,"/Users/llakes/MEGA/Documents/Coding/Rithm/Rithm_Lectures_Exercises/day33-jobly/express-jobly/routes/users.js": {"path":"/Users/llakes/MEGA/Documents/Coding/Rithm/Rithm_Lectures_Exercises/day33-jobly/express-jobly/routes/users.js","statementMap":{"0":{"start":{"line":5,"column":19},"end":{"line":5,"column":40}},"1":{"start":{"line":7,"column":16},"end":{"line":7,"column":34}},"2":{"start":{"line":8,"column":60},"end":{"line":8,"column":89}},"3":{"start":{"line":9,"column":28},"end":{"line":9,"column":54}},"4":{"start":{"line":10,"column":13},"end":{"line":10,"column":38}},"5":{"start":{"line":11,"column":24},"end":{"line":11,"column":52}},"6":{"start":{"line":12,"column":22},"end":{"line":12,"column":56}},"7":{"start":{"line":13,"column":25},"end":{"line":13,"column":62}},"8":{"start":{"line":15,"column":15},"end":{"line":15,"column":31}},"9":{"start":{"line":30,"column":0},"end":{"line":40,"column":3}},"10":{"start":{"line":31,"column":20},"end":{"line":31,"column":64}},"11":{"start":{"line":32,"column":2},"end":{"line":35,"column":3}},"12":{"start":{"line":33,"column":17},"end":{"line":33,"column":51}},"13":{"start":{"line":33,"column":43},"end":{"line":33,"column":50}},"14":{"start":{"line":34,"column":4},"end":{"line":34,"column":36}},"15":{"start":{"line":37,"column":15},"end":{"line":37,"column":44}},"16":{"start":{"line":38,"column":16},"end":{"line":38,"column":33}},"17":{"start":{"line":39,"column":2},"end":{"line":39,"column":47}},"18":{"start":{"line":50,"column":0},"end":{"line":53,"column":3}},"19":{"start":{"line":51,"column":16},"end":{"line":51,"column":36}},"20":{"start":{"line":52,"column":2},"end":{"line":52,"column":29}},"21":{"start":{"line":63,"column":0},"end":{"line":66,"column":3}},"22":{"start":{"line":64,"column":15},"end":{"line":64,"column":50}},"23":{"start":{"line":65,"column":2},"end":{"line":65,"column":28}},"24":{"start":{"line":79,"column":0},"end":{"line":88,"column":3}},"25":{"start":{"line":80,"column":20},"end":{"line":80,"column":67}},"26":{"start":{"line":81,"column":2},"end":{"line":84,"column":3}},"27":{"start":{"line":82,"column":17},"end":{"line":82,"column":51}},"28":{"start":{"line":82,"column":43},"end":{"line":82,"column":50}},"29":{"start":{"line":83,"column":4},"end":{"line":83,"column":36}},"30":{"start":{"line":86,"column":15},"end":{"line":86,"column":63}},"31":{"start":{"line":87,"column":2},"end":{"line":87,"column":28}},"32":{"start":{"line":96,"column":0},"end":{"line":99,"column":3}},"33":{"start":{"line":97,"column":2},"end":{"line":97,"column":41}},"34":{"start":{"line":98,"column":2},"end":{"line":98,"column":52}},"35":{"start":{"line":113,"column":0},"end":{"line":113,"column":24}}},"fnMap":{"0":{"name":"(anonymous_0)","decl":{"start":{"line":30,"column":40},"end":{"line":30,"column":41}},"loc":{"start":{"line":30,"column":72},"end":{"line":40,"column":1}},"line":30},"1":{"name":"(anonymous_1)","decl":{"start":{"line":33,"column":38},"end":{"line":33,"column":39}},"loc":{"start":{"line":33,"column":43},"end":{"line":33,"column":50}},"line":33},"2":{"name":"(anonymous_2)","decl":{"start":{"line":50,"column":39},"end":{"line":50,"column":40}},"loc":{"start":{"line":50,"column":71},"end":{"line":53,"column":1}},"line":50},"3":{"name":"(anonymous_3)","decl":{"start":{"line":63,"column":51},"end":{"line":63,"column":52}},"loc":{"start":{"line":63,"column":83},"end":{"line":66,"column":1}},"line":63},"4":{"name":"(anonymous_4)","decl":{"start":{"line":79,"column":53},"end":{"line":79,"column":54}},"loc":{"start":{"line":79,"column":85},"end":{"line":88,"column":1}},"line":79},"5":{"name":"(anonymous_5)","decl":{"start":{"line":82,"column":38},"end":{"line":82,"column":39}},"loc":{"start":{"line":82,"column":43},"end":{"line":82,"column":50}},"line":82},"6":{"name":"(anonymous_6)","decl":{"start":{"line":96,"column":54},"end":{"line":96,"column":55}},"loc":{"start":{"line":96,"column":86},"end":{"line":99,"column":1}},"line":96}},"branchMap":{"0":{"loc":{"start":{"line":32,"column":2},"end":{"line":35,"column":3}},"type":"if","locations":[{"start":{"line":32,"column":2},"end":{"line":35,"column":3}},{"start":{"line":32,"column":2},"end":{"line":35,"column":3}}],"line":32},"1":{"loc":{"start":{"line":81,"column":2},"end":{"line":84,"column":3}},"type":"if","locations":[{"start":{"line":81,"column":2},"end":{"line":84,"column":3}},{"start":{"line":81,"column":2},"end":{"line":84,"column":3}}],"line":81}},"s":{"0":5,"1":5,"2":5,"3":5,"4":5,"5":5,"6":5,"7":5,"8":5,"9":5,"10":4,"11":4,"12":2,"13":5,"14":2,"15":2,"16":2,"17":2,"18":5,"19":2,"20":1,"21":5,"22":4,"23":3,"24":5,"25":6,"26":6,"27":1,"28":1,"29":1,"30":5,"31":4,"32":5,"33":4,"34":3,"35":5},"f":{"0":4,"1":5,"2":2,"3":4,"4":6,"5":1,"6":4},"b":{"0":[2,2],"1":[1,5]},"_coverageSchema":"1a1c01bbd47fc00a2c39e90264f33305004495a9","hash":"a80780a2be99017cbff803abb8fcf882813a835b"}
}
