TN:
SF:app.js
FN:30,(anonymous_0)
FN:35,(anonymous_1)
FNF:2
FNH:2
FNDA:2,(anonymous_0)
FNDA:39,(anonymous_1)
DA:5,4
DA:6,4
DA:8,4
DA:10,4
DA:11,4
DA:12,4
DA:13,4
DA:15,4
DA:17,4
DA:19,4
DA:20,4
DA:21,4
DA:22,4
DA:24,4
DA:25,4
DA:26,4
DA:30,4
DA:31,2
DA:35,4
DA:36,39
DA:37,39
DA:38,39
DA:40,39
DA:45,4
LF:24
LH:24
BRDA:36,0,0,39
BRDA:36,0,1,2
BRDA:38,1,0,1
BRDA:38,1,1,38
BRF:4
BRH:4
end_of_record
TN:
SF:config.js
FN:13,getDatabaseUri
FNF:1
FNH:1
FNDA:20,getDatabaseUri
DA:5,10
DA:6,10
DA:8,10
DA:10,10
DA:14,20
DA:22,10
DA:24,10
DA:25,10
DA:26,10
DA:27,10
DA:28,10
DA:29,10
DA:31,10
LF:13
LH:13
BRDA:8,0,0,10
BRDA:8,0,1,9
BRDA:10,1,0,10
BRDA:10,1,1,9
BRDA:14,2,0,17
BRDA:14,2,1,3
BRDA:16,3,0,3
BRDA:16,3,1,1
BRDA:22,4,0,9
BRDA:22,4,1,1
BRF:10
BRH:10
end_of_record
TN:
SF:db.js
FNF:0
FNH:0
DA:5,7
DA:6,7
DA:8,7
DA:12,7
DA:14,7
LF:5
LH:5
BRF:0
BRH:0
end_of_record
TN:
SF:expressError.js
FN:9,(anonymous_0)
FN:19,(anonymous_1)
FN:27,(anonymous_2)
FN:35,(anonymous_3)
FN:43,(anonymous_4)
FNF:5
FNH:5
FNDA:59,(anonymous_0)
FNDA:15,(anonymous_1)
FNDA:13,(anonymous_2)
FNDA:21,(anonymous_3)
FNDA:10,(anonymous_4)
DA:10,59
DA:11,59
DA:12,59
DA:20,15
DA:28,13
DA:36,21
DA:44,10
DA:48,9
LF:8
LH:8
BRDA:19,0,0,2
BRDA:27,1,0,9
BRDA:35,2,0,3
BRDA:43,3,0,10
BRF:4
BRH:4
end_of_record
TN:
SF:helpers/sql.js
FN:25,sqlForPartialUpdate
FN:30,(anonymous_1)
FNF:2
FNH:2
FNDA:18,sqlForPartialUpdate
FNDA:29,(anonymous_1)
DA:2,8
DA:26,18
DA:27,18
DA:30,15
DA:31,29
DA:34,15
DA:40,8
LF:7
LH:7
BRDA:27,0,0,3
BRDA:27,0,1,15
BRDA:31,1,0,29
BRDA:31,1,1,12
BRF:4
BRH:4
end_of_record
TN:
SF:helpers/tokens.js
FN:7,createToken
FNF:1
FNH:1
FNDA:13,createToken
DA:2,5
DA:3,5
DA:8,13
DA:11,13
DA:16,13
DA:19,5
LF:6
LH:6
BRDA:13,0,0,13
BRDA:13,0,1,7
BRF:2
BRH:2
end_of_record
TN:
SF:middleware/auth.js
FN:18,authenticateJWT
FN:51,ensureLoggedInAsAdmin
FN:66,ensureCorrectUserOrAdmin
FNF:3
FNH:3
FNDA:65,authenticateJWT
FNDA:27,ensureLoggedInAsAdmin
FNDA:24,ensureCorrectUserOrAdmin
DA:5,5
DA:6,5
DA:7,5
DA:19,65
DA:20,65
DA:21,65
DA:22,40
DA:23,40
DA:25,64
DA:27,1
DA:52,27
DA:53,27
DA:54,22
DA:55,16
DA:57,11
DA:67,24
DA:68,24
DA:69,20
DA:71,16
DA:73,4
DA:75,8
DA:79,5
LF:22
LH:22
BRDA:20,0,0,65
BRDA:20,0,1,64
BRDA:21,1,0,40
BRDA:21,1,1,25
BRDA:53,2,0,5
BRDA:53,2,1,22
BRDA:54,3,0,6
BRDA:54,3,1,16
BRDA:68,4,0,4
BRDA:68,4,1,20
BRDA:69,5,0,16
BRDA:69,5,1,4
BRDA:69,6,0,20
BRDA:69,6,1,11
BRF:14
BRH:14
end_of_record
TN:
SF:models/_testCommon.js
FN:7,commonBeforeAll
FN:43,commonBeforeEach
FN:47,commonAfterEach
FN:51,commonAfterAll
FNF:4
FNH:4
FNDA:3,commonBeforeAll
FNDA:38,commonBeforeEach
FNDA:38,commonAfterEach
FNDA:3,commonAfterAll
DA:2,3
DA:4,3
DA:5,3
DA:9,3
DA:11,3
DA:13,3
DA:15,3
DA:21,3
DA:36,3
DA:44,38
DA:48,38
DA:52,3
DA:56,3
LF:13
LH:13
BRF:0
BRH:0
end_of_record
TN:
SF:models/company.js
FN:19,(anonymous_0)
FN:60,(anonymous_1)
FN:132,(anonymous_2)
FN:162,(anonymous_3)
FN:189,(anonymous_4)
FN:213,(anonymous_5)
FN:224,(anonymous_6)
FNF:7
FNH:7
FNDA:13,(anonymous_0)
FNDA:11,(anonymous_1)
FNDA:5,(anonymous_2)
FNDA:6,(anonymous_3)
FNDA:4,(anonymous_4)
FNDA:15,(anonymous_5)
FNDA:15,(anonymous_6)
DA:3,5
DA:4,5
DA:5,5
DA:20,13
DA:26,13
DA:27,1
DA:29,12
DA:47,12
DA:49,12
DA:61,11
DA:63,9
DA:73,8
DA:75,8
DA:77,7
DA:133,5
DA:143,5
DA:145,5
DA:147,3
DA:163,6
DA:169,5
DA:171,5
DA:176,5
DA:177,5
DA:179,5
DA:181,3
DA:190,4
DA:196,4
DA:198,4
DA:214,15
DA:215,15
DA:217,15
DA:218,17
DA:219,2
DA:224,15
DA:226,13
DA:227,2
DA:228,2
DA:231,11
DA:232,6
DA:235,11
DA:237,11
DA:249,5
LF:42
LH:42
BRDA:26,0,0,1
BRDA:26,0,1,12
BRDA:60,1,0,1
BRDA:75,2,0,1
BRDA:75,2,1,7
BRDA:145,3,0,2
BRDA:145,3,1,3
BRDA:179,4,0,2
BRDA:179,4,1,3
BRDA:198,5,0,2
BRDA:198,5,1,2
BRDA:218,6,0,2
BRDA:218,6,1,15
BRDA:226,7,0,2
BRDA:226,7,1,11
BRDA:231,8,0,6
BRDA:231,8,1,5
BRDA:235,9,0,8
BRDA:235,9,1,3
BRF:19
BRH:19
end_of_record
TN:
SF:models/job.js
FN:17,(anonymous_0)
FN:40,(anonymous_1)
FN:67,(anonymous_2)
FN:97,(anonymous_3)
FN:119,(anonymous_4)
FN:143,(anonymous_5)
FN:162,(anonymous_6)
FNF:7
FNH:1
FNDA:2,(anonymous_0)
FNDA:0,(anonymous_1)
FNDA:0,(anonymous_2)
FNDA:0,(anonymous_3)
FNDA:0,(anonymous_4)
FNDA:0,(anonymous_5)
FNDA:0,(anonymous_6)
DA:3,1
DA:4,1
DA:5,1
DA:18,2
DA:25,0
DA:27,0
DA:29,0
DA:41,0
DA:43,0
DA:53,0
DA:55,0
DA:57,0
DA:68,0
DA:78,0
DA:80,0
DA:82,0
DA:98,0
DA:99,0
DA:101,0
DA:106,0
DA:107,0
DA:109,0
DA:111,0
DA:120,0
DA:126,0
DA:128,0
DA:145,0
DA:147,0
DA:148,0
DA:149,0
DA:152,0
DA:154,0
DA:155,0
DA:156,0
DA:162,0
DA:164,0
DA:165,0
DA:168,0
DA:170,0
DA:172,0
DA:179,1
LF:41
LH:5
BRDA:27,0,0,0
BRDA:27,0,1,0
BRDA:40,1,0,0
BRDA:55,2,0,0
BRDA:55,2,1,0
BRDA:80,3,0,0
BRDA:80,3,1,0
BRDA:109,4,0,0
BRDA:109,4,1,0
BRDA:128,5,0,0
BRDA:128,5,1,0
BRDA:147,6,0,0
BRDA:147,6,1,0
BRDA:148,7,0,0
BRDA:148,7,1,0
BRDA:155,8,0,0
BRDA:155,8,1,0
BRDA:164,9,0,0
BRDA:164,9,1,0
BRDA:168,10,0,0
BRDA:168,10,1,0
BRDA:170,11,0,0
BRDA:170,11,1,0
BRF:23
BRH:0
end_of_record
TN:
SF:models/user.js
FN:24,(anonymous_0)
FN:59,(anonymous_1)
FN:104,(anonymous_2)
FN:126,(anonymous_3)
FN:162,(anonymous_4)
FN:195,(anonymous_5)
FNF:6
FNH:6
FNDA:7,(anonymous_0)
FNDA:16,(anonymous_1)
FNDA:3,(anonymous_2)
FNDA:6,(anonymous_3)
FNDA:9,(anonymous_4)
FNDA:6,(anonymous_5)
DA:3,5
DA:4,5
DA:5,5
DA:10,5
DA:12,5
DA:26,7
DA:38,7
DA:40,7
DA:42,4
DA:43,4
DA:44,3
DA:45,3
DA:49,4
DA:61,16
DA:68,16
DA:69,1
DA:72,15
DA:74,15
DA:94,15
DA:96,15
DA:105,3
DA:115,2
DA:127,6
DA:138,6
DA:140,6
DA:142,4
DA:163,9
DA:164,2
DA:167,9
DA:174,8
DA:176,8
DA:184,8
DA:185,8
DA:187,8
DA:189,6
DA:190,6
DA:196,6
DA:203,6
DA:205,6
DA:210,5
LF:40
LH:40
BRDA:40,0,0,4
BRDA:40,0,1,3
BRDA:43,1,0,3
BRDA:43,1,1,1
BRDA:68,2,0,1
BRDA:68,2,1,15
BRDA:140,3,0,2
BRDA:140,3,1,4
BRDA:163,4,0,2
BRDA:163,4,1,7
BRDA:187,5,0,2
BRDA:187,5,1,6
BRDA:205,6,0,2
BRDA:205,6,1,4
BRF:14
BRH:14
end_of_record
TN:
SF:routes/_testCommon.js
FN:8,commonBeforeAll
FN:65,commonBeforeEach
FN:69,commonAfterEach
FN:73,commonAfterAll
FNF:4
FNH:4
FNDA:3,commonBeforeAll
FNDA:60,commonBeforeEach
FNDA:60,commonAfterEach
FNDA:3,commonAfterAll
DA:3,3
DA:4,3
DA:5,3
DA:6,3
DA:10,3
DA:12,3
DA:14,3
DA:22,3
DA:30,3
DA:39,3
DA:47,3
DA:55,3
DA:66,60
DA:70,60
DA:74,3
DA:78,3
DA:79,3
DA:82,3
LF:18
LH:18
BRF:0
BRH:0
end_of_record
TN:
SF:routes/auth.js
FN:22,(anonymous_0)
FN:25,(anonymous_1)
FN:45,(anonymous_2)
FN:48,(anonymous_3)
FNF:4
FNH:4
FNDA:5,(anonymous_0)
FNDA:2,(anonymous_1)
FNDA:3,(anonymous_2)
FNDA:5,(anonymous_3)
DA:5,4
DA:7,4
DA:8,4
DA:9,4
DA:10,4
DA:11,4
DA:12,4
DA:13,4
DA:22,4
DA:23,5
DA:24,5
DA:25,2
DA:26,2
DA:29,3
DA:30,3
DA:31,1
DA:32,1
DA:45,4
DA:46,3
DA:47,3
DA:48,5
DA:49,2
DA:52,1
DA:53,1
DA:54,1
DA:58,4
LF:26
LH:26
BRDA:24,0,0,2
BRDA:24,0,1,3
BRDA:47,1,0,2
BRDA:47,1,1,1
BRF:4
BRH:4
end_of_record
TN:
SF:routes/companies.js
FN:28,(anonymous_0)
FN:31,(anonymous_1)
FN:51,(anonymous_2)
FN:62,(anonymous_3)
FN:79,(anonymous_4)
FN:95,(anonymous_5)
FN:98,(anonymous_6)
FN:111,(anonymous_7)
FNF:8
FNH:8
FNDA:3,(anonymous_0)
FNDA:3,(anonymous_1)
FNDA:5,(anonymous_2)
FNDA:1,(anonymous_3)
FNDA:3,(anonymous_4)
FNDA:4,(anonymous_5)
FNDA:2,(anonymous_6)
FNDA:2,(anonymous_7)
DA:5,4
DA:6,4
DA:8,4
DA:9,4
DA:10,4
DA:12,4
DA:13,4
DA:14,4
DA:16,4
DA:28,4
DA:29,3
DA:30,3
DA:31,3
DA:32,2
DA:35,1
DA:36,1
DA:51,4
DA:52,5
DA:53,5
DA:54,1
DA:56,5
DA:57,1
DA:59,5
DA:61,5
DA:62,1
DA:63,1
DA:66,4
DA:68,3
DA:79,4
DA:80,3
DA:81,2
DA:95,4
DA:96,4
DA:97,4
DA:98,2
DA:99,2
DA:102,2
DA:103,1
DA:111,4
DA:112,2
DA:113,1
DA:117,4
LF:42
LH:42
BRDA:30,0,0,2
BRDA:30,0,1,1
BRDA:53,1,0,1
BRDA:53,1,1,4
BRDA:56,2,0,1
BRDA:56,2,1,4
BRDA:61,3,0,1
BRDA:61,3,1,4
BRDA:97,4,0,2
BRDA:97,4,1,2
BRF:10
BRH:10
end_of_record
TN:
SF:routes/users.js
FN:30,(anonymous_0)
FN:33,(anonymous_1)
FN:50,(anonymous_2)
FN:63,(anonymous_3)
FN:79,(anonymous_4)
FN:82,(anonymous_5)
FN:96,(anonymous_6)
FNF:7
FNH:7
FNDA:4,(anonymous_0)
FNDA:5,(anonymous_1)
FNDA:2,(anonymous_2)
FNDA:4,(anonymous_3)
FNDA:6,(anonymous_4)
FNDA:1,(anonymous_5)
FNDA:4,(anonymous_6)
DA:5,4
DA:7,4
DA:8,4
DA:9,4
DA:10,4
DA:11,4
DA:12,4
DA:13,4
DA:15,4
DA:30,4
DA:31,4
DA:32,4
DA:33,5
DA:34,2
DA:37,2
DA:38,2
DA:39,2
DA:50,4
DA:51,2
DA:52,1
DA:63,4
DA:64,4
DA:65,3
DA:79,4
DA:80,6
DA:81,6
DA:82,1
DA:83,1
DA:86,5
DA:87,4
DA:96,4
DA:97,4
DA:98,3
DA:102,4
LF:34
LH:34
BRDA:32,0,0,2
BRDA:32,0,1,2
BRDA:81,1,0,1
BRDA:81,1,1,5
BRF:4
BRH:4
end_of_record
