TN:
SF:app.js
FN:32,(anonymous_0)
FN:37,(anonymous_1)
FNF:2
FNH:2
FNDA:2,(anonymous_0)
FNDA:53,(anonymous_1)
DA:5,5
DA:6,5
DA:8,5
DA:10,5
DA:11,5
DA:12,5
DA:13,5
DA:14,5
DA:16,5
DA:18,5
DA:20,5
DA:21,5
DA:22,5
DA:23,5
DA:25,5
DA:26,5
DA:27,5
DA:28,5
DA:32,5
DA:33,2
DA:37,5
DA:38,53
DA:39,53
DA:40,53
DA:42,53
DA:47,5
LF:26
LH:26
BRDA:38,0,0,53
BRDA:38,0,1,3
BRDA:40,1,0,1
BRDA:40,1,1,52
BRF:4
BRH:4
end_of_record
TN:
SF:config.js
FN:13,getDatabaseUri
FNF:1
FNH:1
FNDA:22,getDatabaseUri
DA:5,11
DA:6,11
DA:8,11
DA:10,11
DA:14,22
DA:22,11
DA:24,11
DA:25,11
DA:26,11
DA:27,11
DA:28,11
DA:29,11
DA:31,11
LF:13
LH:13
BRDA:8,0,0,11
BRDA:8,0,1,10
BRDA:10,1,0,11
BRDA:10,1,1,10
BRDA:14,2,0,19
BRDA:14,2,1,3
BRDA:16,3,0,3
BRDA:16,3,1,1
BRDA:22,4,0,10
BRDA:22,4,1,1
BRF:10
BRH:10
end_of_record
TN:
SF:db.js
FNF:0
FNH:0
DA:5,8
DA:6,8
DA:8,8
DA:12,8
DA:14,8
LF:5
LH:5
BRF:0
BRH:0
end_of_record
TN:
SF:expressError.js
FN:9,(anonymous_0)
FN:19,(anonymous_1)
FN:27,(anonymous_2)
FN:35,(anonymous_3)
FN:43,(anonymous_4)
FNF:5
FNH:5
FNDA:81,(anonymous_0)
FNDA:22,(anonymous_1)
FNDA:15,(anonymous_2)
FNDA:31,(anonymous_3)
FNDA:13,(anonymous_4)
DA:10,81
DA:11,81
DA:12,81
DA:20,22
DA:28,15
DA:36,31
DA:44,13
DA:48,10
LF:8
LH:8
BRDA:19,0,0,2
BRDA:27,1,0,11
BRDA:35,2,0,4
BRDA:43,3,0,13
BRF:4
BRH:4
end_of_record
TN:
SF:helpers/sql.js
FN:25,sqlForPartialUpdate
FN:30,(anonymous_1)
FNF:2
FNH:2
FNDA:24,sqlForPartialUpdate
FNDA:40,(anonymous_1)
DA:2,9
DA:26,24
DA:27,24
DA:30,20
DA:31,40
DA:34,20
DA:40,9
LF:7
LH:7
BRDA:27,0,0,4
BRDA:27,0,1,20
BRDA:31,1,0,40
BRDA:31,1,1,23
BRF:4
BRH:4
end_of_record
TN:
SF:helpers/tokens.js
FN:7,createToken
FNF:1
FNH:1
FNDA:15,createToken
DA:2,6
DA:3,6
DA:8,15
DA:11,15
DA:16,15
DA:19,6
LF:6
LH:6
BRDA:13,0,0,15
BRDA:13,0,1,8
BRF:2
BRH:2
end_of_record
TN:
SF:middleware/auth.js
FN:18,authenticateJWT
FN:51,ensureLoggedInAsAdmin
FN:66,ensureCorrectUserOrAdmin
FNF:3
FNH:3
FNDA:88,authenticateJWT
FNDA:41,ensureLoggedInAsAdmin
FNDA:24,ensureCorrectUserOrAdmin
DA:5,6
DA:6,6
DA:7,6
DA:19,88
DA:20,88
DA:21,88
DA:22,53
DA:23,53
DA:25,87
DA:27,1
DA:52,41
DA:53,41
DA:54,34
DA:55,25
DA:57,16
DA:67,24
DA:68,24
DA:69,20
DA:71,16
DA:73,4
DA:75,8
DA:79,6
LF:22
LH:22
BRDA:20,0,0,88
BRDA:20,0,1,87
BRDA:21,1,0,53
BRDA:21,1,1,35
BRDA:53,2,0,7
BRDA:53,2,1,34
BRDA:54,3,0,9
BRDA:54,3,1,25
BRDA:68,4,0,4
BRDA:68,4,1,20
BRDA:69,5,0,16
BRDA:69,5,1,4
BRDA:69,6,0,20
BRDA:69,6,1,11
BRF:14
BRH:14
end_of_record
TN:
SF:models/_testCommon.js
FN:7,commonBeforeAll
FN:50,commonBeforeEach
FN:54,commonAfterEach
FN:58,commonAfterAll
FNF:4
FNH:4
FNDA:3,commonBeforeAll
FNDA:59,commonBeforeEach
FNDA:59,commonAfterEach
FNDA:3,commonAfterAll
DA:2,3
DA:4,3
DA:5,3
DA:9,3
DA:10,3
DA:12,3
DA:14,3
DA:15,3
DA:17,3
DA:23,3
DA:38,3
DA:51,59
DA:55,59
DA:59,3
DA:63,3
LF:15
LH:15
BRF:0
BRH:0
end_of_record
TN:
SF:models/company.js
FN:19,(anonymous_0)
FN:60,(anonymous_1)
FN:132,(anonymous_2)
FN:147,(anonymous_3)
FN:158,(anonymous_4)
FN:182,(anonymous_5)
FN:209,(anonymous_6)
FN:233,(anonymous_7)
FN:244,(anonymous_8)
FNF:9
FNH:9
FNDA:16,(anonymous_0)
FNDA:11,(anonymous_1)
FNDA:6,(anonymous_2)
FNDA:5,(anonymous_3)
FNDA:3,(anonymous_4)
FNDA:6,(anonymous_5)
FNDA:4,(anonymous_6)
FNDA:15,(anonymous_7)
FNDA:15,(anonymous_8)
DA:3,6
DA:4,6
DA:5,6
DA:20,16
DA:26,16
DA:27,1
DA:29,15
DA:47,15
DA:49,15
DA:61,11
DA:63,9
DA:73,8
DA:75,8
DA:77,7
DA:133,6
DA:147,6
DA:155,6
DA:157,4
DA:158,3
DA:164,2
DA:167,4
DA:183,6
DA:189,5
DA:191,5
DA:196,5
DA:197,5
DA:199,5
DA:201,3
DA:210,4
DA:216,4
DA:218,4
DA:234,15
DA:235,15
DA:237,15
DA:238,17
DA:239,2
DA:244,15
DA:246,13
DA:247,2
DA:248,2
DA:251,11
DA:252,6
DA:255,11
DA:257,11
DA:269,6
LF:45
LH:45
BRDA:26,0,0,1
BRDA:26,0,1,15
BRDA:60,1,0,1
BRDA:75,2,0,1
BRDA:75,2,1,7
BRDA:155,3,0,2
BRDA:155,3,1,4
BRDA:157,4,0,2
BRDA:157,4,1,2
BRDA:199,5,0,2
BRDA:199,5,1,3
BRDA:218,6,0,2
BRDA:218,6,1,2
BRDA:238,7,0,2
BRDA:238,7,1,15
BRDA:246,8,0,2
BRDA:246,8,1,11
BRDA:251,9,0,6
BRDA:251,9,1,5
BRDA:255,10,0,8
BRDA:255,10,1,3
BRF:21
BRH:21
end_of_record
TN:
SF:models/job.js
FN:17,(anonymous_0)
FN:43,(anonymous_1)
FN:70,(anonymous_2)
FN:100,(anonymous_3)
FN:122,(anonymous_4)
FN:146,(anonymous_5)
FN:171,(anonymous_6)
FNF:7
FNH:7
FNDA:15,(anonymous_0)
FNDA:14,(anonymous_1)
FNDA:4,(anonymous_2)
FNDA:6,(anonymous_3)
FNDA:4,(anonymous_4)
FNDA:18,(anonymous_5)
FNDA:9,(anonymous_6)
DA:3,6
DA:4,6
DA:5,6
DA:19,15
DA:20,15
DA:27,1
DA:30,14
DA:32,14
DA:44,14
DA:46,13
DA:56,12
DA:58,12
DA:60,11
DA:71,4
DA:81,4
DA:83,4
DA:85,2
DA:101,6
DA:102,5
DA:104,5
DA:109,5
DA:110,5
DA:112,5
DA:114,3
DA:123,4
DA:129,4
DA:131,4
DA:148,18
DA:150,18
DA:154,5
DA:155,1
DA:157,4
DA:158,4
DA:161,17
DA:163,17
DA:164,11
DA:165,2
DA:171,15
DA:173,15
DA:174,6
DA:177,15
DA:179,15
DA:181,15
DA:188,6
LF:44
LH:44
BRDA:43,0,0,1
BRDA:58,1,0,1
BRDA:58,1,1,11
BRDA:83,2,0,2
BRDA:83,2,1,2
BRDA:112,3,0,2
BRDA:112,3,1,3
BRDA:131,4,0,2
BRDA:131,4,1,2
BRDA:150,5,0,5
BRDA:150,5,1,13
BRDA:154,6,0,1
BRDA:154,6,1,4
BRDA:157,7,0,2
BRDA:157,7,1,2
BRDA:164,8,0,2
BRDA:164,8,1,9
BRDA:173,9,0,6
BRDA:173,9,1,9
BRDA:177,10,0,2
BRDA:177,10,1,13
BRDA:179,11,0,10
BRDA:179,11,1,5
BRF:23
BRH:23
end_of_record
TN:
SF:models/user.js
FN:24,(anonymous_0)
FN:59,(anonymous_1)
FN:104,(anonymous_2)
FN:126,(anonymous_3)
FN:206,(anonymous_4)
FN:239,(anonymous_5)
FNF:6
FNH:6
FNDA:7,(anonymous_0)
FNDA:19,(anonymous_1)
FNDA:3,(anonymous_2)
FNDA:6,(anonymous_3)
FNDA:9,(anonymous_4)
FNDA:6,(anonymous_5)
DA:3,6
DA:4,6
DA:5,6
DA:10,6
DA:12,6
DA:26,7
DA:38,7
DA:40,7
DA:42,4
DA:43,4
DA:44,3
DA:45,3
DA:49,4
DA:61,19
DA:68,19
DA:69,1
DA:72,18
DA:74,18
DA:94,18
DA:96,18
DA:105,3
DA:115,2
DA:127,6
DA:138,6
DA:140,6
DA:142,4
DA:207,9
DA:208,2
DA:211,9
DA:218,8
DA:220,8
DA:228,8
DA:229,8
DA:231,8
DA:233,6
DA:234,6
DA:240,6
DA:247,6
DA:249,6
DA:269,6
LF:40
LH:40
BRDA:40,0,0,4
BRDA:40,0,1,3
BRDA:43,1,0,3
BRDA:43,1,1,1
BRDA:68,2,0,1
BRDA:68,2,1,18
BRDA:140,3,0,2
BRDA:140,3,1,4
BRDA:207,4,0,2
BRDA:207,4,1,7
BRDA:231,5,0,2
BRDA:231,5,1,6
BRDA:249,6,0,2
BRDA:249,6,1,4
BRF:14
BRH:14
end_of_record
TN:
SF:routes/_testCommon.js
FN:9,commonBeforeAll
FN:91,commonBeforeEach
FN:95,commonAfterEach
FN:99,commonAfterAll
FNF:4
FNH:4
FNDA:4,commonBeforeAll
FNDA:83,commonBeforeEach
FNDA:83,commonAfterEach
FNDA:4,commonAfterAll
DA:3,4
DA:4,4
DA:5,4
DA:6,4
DA:7,4
DA:11,4
DA:13,4
DA:15,4
DA:16,4
DA:18,4
DA:26,4
DA:34,4
DA:43,4
DA:50,4
DA:57,4
DA:65,4
DA:73,4
DA:81,4
DA:92,83
DA:96,83
DA:100,4
DA:104,4
DA:105,4
DA:108,4
LF:24
LH:24
BRF:0
BRH:0
end_of_record
TN:
SF:routes/auth.js
FN:22,(anonymous_0)
FN:25,(anonymous_1)
FN:45,(anonymous_2)
FN:48,(anonymous_3)
FNF:4
FNH:4
FNDA:5,(anonymous_0)
FNDA:2,(anonymous_1)
FNDA:3,(anonymous_2)
FNDA:5,(anonymous_3)
DA:5,5
DA:7,5
DA:8,5
DA:9,5
DA:10,5
DA:11,5
DA:12,5
DA:13,5
DA:22,5
DA:23,5
DA:24,5
DA:25,2
DA:26,2
DA:29,3
DA:30,3
DA:31,1
DA:32,1
DA:45,5
DA:46,3
DA:47,3
DA:48,5
DA:49,2
DA:52,1
DA:53,1
DA:54,1
DA:58,5
LF:26
LH:26
BRDA:24,0,0,2
BRDA:24,0,1,3
BRDA:47,1,0,2
BRDA:47,1,1,1
BRF:4
BRH:4
end_of_record
TN:
SF:routes/companies.js
FN:28,(anonymous_0)
FN:31,(anonymous_1)
FN:51,(anonymous_2)
FN:62,(anonymous_3)
FN:79,(anonymous_4)
FN:95,(anonymous_5)
FN:98,(anonymous_6)
FN:111,(anonymous_7)
FNF:8
FNH:8
FNDA:3,(anonymous_0)
FNDA:3,(anonymous_1)
FNDA:5,(anonymous_2)
FNDA:1,(anonymous_3)
FNDA:3,(anonymous_4)
FNDA:4,(anonymous_5)
FNDA:2,(anonymous_6)
FNDA:2,(anonymous_7)
DA:5,5
DA:6,5
DA:8,5
DA:9,5
DA:10,5
DA:12,5
DA:13,5
DA:14,5
DA:16,5
DA:28,5
DA:29,3
DA:30,3
DA:31,3
DA:32,2
DA:35,1
DA:36,1
DA:51,5
DA:52,5
DA:53,5
DA:54,1
DA:56,5
DA:57,1
DA:59,5
DA:61,5
DA:62,1
DA:63,1
DA:66,4
DA:68,3
DA:79,5
DA:80,3
DA:81,2
DA:95,5
DA:96,4
DA:97,4
DA:98,2
DA:99,2
DA:102,2
DA:103,1
DA:111,5
DA:112,2
DA:113,1
DA:117,5
LF:42
LH:42
BRDA:30,0,0,2
BRDA:30,0,1,1
BRDA:53,1,0,1
BRDA:53,1,1,4
BRDA:56,2,0,1
BRDA:56,2,1,4
BRDA:61,3,0,1
BRDA:61,3,1,4
BRDA:97,4,0,2
BRDA:97,4,1,2
BRF:10
BRH:10
end_of_record
TN:
SF:routes/jobs.js
FN:28,(anonymous_0)
FN:31,(anonymous_1)
FN:52,(anonymous_2)
FN:67,(anonymous_3)
FN:83,(anonymous_4)
FN:99,(anonymous_5)
FN:102,(anonymous_6)
FN:117,(anonymous_7)
FNF:8
FNH:8
FNDA:3,(anonymous_0)
FNDA:2,(anonymous_1)
FNDA:7,(anonymous_2)
FNDA:1,(anonymous_3)
FNDA:2,(anonymous_4)
FNDA:4,(anonymous_5)
FNDA:2,(anonymous_6)
FNDA:2,(anonymous_7)
DA:5,5
DA:6,5
DA:8,5
DA:9,5
DA:10,5
DA:12,5
DA:13,5
DA:14,5
DA:16,5
DA:28,5
DA:29,3
DA:30,3
DA:31,2
DA:32,2
DA:35,1
DA:36,1
DA:52,5
DA:53,7
DA:54,7
DA:55,1
DA:57,7
DA:58,1
DA:60,7
DA:61,1
DA:64,7
DA:66,7
DA:67,1
DA:68,1
DA:71,6
DA:73,5
DA:83,5
DA:84,2
DA:85,1
DA:99,5
DA:100,4
DA:101,4
DA:102,2
DA:103,2
DA:106,2
DA:107,1
DA:117,5
DA:118,2
DA:119,1
DA:123,5
LF:44
LH:44
BRDA:30,0,0,2
BRDA:30,0,1,1
BRDA:54,1,0,1
BRDA:54,1,1,6
BRDA:57,2,0,1
BRDA:57,2,1,6
BRDA:60,3,0,1
BRDA:60,3,1,6
BRDA:66,4,0,1
BRDA:66,4,1,6
BRDA:101,5,0,2
BRDA:101,5,1,2
BRF:12
BRH:12
end_of_record
TN:
SF:routes/users.js
FN:30,(anonymous_0)
FN:33,(anonymous_1)
FN:50,(anonymous_2)
FN:63,(anonymous_3)
FN:79,(anonymous_4)
FN:82,(anonymous_5)
FN:96,(anonymous_6)
FNF:7
FNH:7
FNDA:4,(anonymous_0)
FNDA:5,(anonymous_1)
FNDA:2,(anonymous_2)
FNDA:4,(anonymous_3)
FNDA:6,(anonymous_4)
FNDA:1,(anonymous_5)
FNDA:4,(anonymous_6)
DA:5,5
DA:7,5
DA:8,5
DA:9,5
DA:10,5
DA:11,5
DA:12,5
DA:13,5
DA:15,5
DA:30,5
DA:31,4
DA:32,4
DA:33,5
DA:34,2
DA:37,2
DA:38,2
DA:39,2
DA:50,5
DA:51,2
DA:52,1
DA:63,5
DA:64,4
DA:65,3
DA:79,5
DA:80,6
DA:81,6
DA:82,1
DA:83,1
DA:86,5
DA:87,4
DA:96,5
DA:97,4
DA:98,3
DA:113,5
LF:34
LH:34
BRDA:32,0,0,2
BRDA:32,0,1,2
BRDA:81,1,0,1
BRDA:81,1,1,5
BRF:4
BRH:4
end_of_record
